        -:    0:Source:cardtest3.c
        -:    0:Graph:cardtest3.gcno
        -:    0:Data:cardtest3.gcda
        -:    0:Runs:1
        -:    0:Programs:1
        -:    1:/*
        -:    2: * Jason Gourley
        -:    3: * gourleja@oregonstate.edu
        -:    4: * CS362-400
        -:    5: * Assignment 3 - cardtest3.c
        -:    6: * Description : Unit tests for great_hall card
        -:    7: */
        -:    8:
        -:    9:#include <stdio.h>
        -:   10:#include <stdlib.h>
        -:   11:#include "dominion.h"
        -:   12:#include "rngs.h"
        -:   13:
        -:   14:#define CARDNAME  "great_hall"
        -:   15:#define BASESEED    10
        -:   16:
        -:   17:/*
        -:   18: * Description:     Test the return values of the great_hall card
        -:   19: * Preconditions:   The games state has been initialized, the seed and method name to test are passed
        -:   20: * Postconditions:  The general messages and any failed test messages are displayed
        -:   21: */
        1:   22:int testCard(char* currentTest, int seed, struct gameState *state)
        -:   23:{
        -:   24:    int i;
        1:   25:    int testsPassed = 0;
        1:   26:    int testsFailed = 0;
        1:   27:    int expectedValue = 0;
        1:   28:    int bonus = 0;
        -:   29:
        1:   30:    printf ("\n\n-------------------------------------------------------------------------------\n");
        1:   31:    printf ("-------------------------------------------------------------------------------\n");
        1:   32:    printf ("Testing Method  : %s()\n", currentTest);
        1:   33:    printf ("Seed            : %i\n", seed);
        -:   34:
        -:   35:    //Check increase of cards in hand
        1:   36:    expectedValue = state->handCount[state->whoseTurn];
        1:   37:    cardEffect(great_hall,0,0,0,state, 0, &bonus);
        1:   38:    if(state->handCount[state->whoseTurn] != expectedValue) {
    #####:   39:        printf("  TEST FAIL    : great_hall card add card to hand failed\n");
    #####:   40:        testsFailed++;
        1:   41:    } else {testsPassed++;}
        -:   42:
        -:   43:    //Check increase of cards in hand
        1:   44:    expectedValue = state->numActions + 1;
        1:   45:    cardEffect(great_hall,0,0,0,state, 0, &bonus);
        1:   46:    if(state->numActions != expectedValue) {
    #####:   47:        printf("  TEST FAIL    : great_hall card add number of actions failed\n");
    #####:   48:        testsFailed++;
        1:   49:    } else {testsPassed++;}
        -:   50:
        1:   51:    printf ("    Tests Passed    : %i\n", testsPassed);
        1:   52:    printf ("    Tests Failed    : %i\n", testsFailed);
        1:   53:    printf ("-------------------------------------------------------------------------------\n\n");
        -:   54:
        1:   55:    return 0;
        -:   56:}
        -:   57:
        -:   58:
        -:   59:/*
        -:   60: * Preconditions:   The user can pass a seed value for testing or it defaults to a set value
        -:   61: * Postconditions:  Exit the test program normally
        -:   62: */
        1:   63:int main (int argc, char** argv)
        -:   64:{
        -:   65:
        -:   66:    // Setup Game Seed
        -:   67:    int seed;
        1:   68:    char* currentTest = CARDNAME;
        1:   69:    if(argv[1]) {
    #####:   70:        seed = atoi(argv[1]);
        -:   71:    } else {
        1:   72:        seed = BASESEED;
        -:   73:    }
        -:   74:
        -:   75:    // Initialize Game State
        -:   76:    struct gameState G;
        1:   77:    int k[10] = {adventurer, gardens, embargo, village, minion, mine, cutpurse, sea_hag, tribute, smithy};
        1:   78:    initializeGame(2, k, seed, &G);
        -:   79:
        1:   80:    testCard(currentTest,seed, &G);
        -:   81:
        1:   82:    return 0;
        -:   83:}
