        -:    0:Source:dominion.c
        -:    0:Graph:dominion.gcno
        -:    0:Data:dominion.gcda
        -:    0:Runs:14
        -:    0:Programs:14
        -:    1:#include "dominion.h"
        -:    2:#include "dominion_helpers.h"
        -:    3:#include "rngs.h"
        -:    4:#include <stdio.h>
        -:    5:#include <math.h>
        -:    6:#include <stdlib.h>
        -:    7:
        -:    8:/* instructor comments: file is updated. */
function dummymethod called 0 returned 0% blocks executed 0%
    #####:    9:int dummymethod()
        -:   10:{
    #####:   11:	return 0;
        -:   12:}
function compare called 193699 returned 100% blocks executed 100%
   193699:   13:int compare(const void* a, const void* b) {
   193699:   14:  if (*(int*)a > *(int*)b)
branch  0 taken 30% (fallthrough)
branch  1 taken 70%
    58266:   15:    return 1;
   135433:   16:  if (*(int*)a < *(int*)b)
branch  0 taken 56% (fallthrough)
branch  1 taken 44%
    76264:   17:    return -1;
    59169:   18:  return 0;
        -:   19:}
        -:   20:
function newGame called 0 returned 0% blocks executed 0%
    #####:   21:struct gameState* newGame() {
    #####:   22:  struct gameState* g = malloc(sizeof(struct gameState));
    #####:   23:  return g;
        -:   24:}
        -:   25:
function kingdomCards called 0 returned 0% blocks executed 0%
    #####:   26:int* kingdomCards(int k1, int k2, int k3, int k4, int k5, int k6, int k7,
        -:   27:		  int k8, int k9, int k10) {
    #####:   28:  int* k = malloc(10 * sizeof(int));
    #####:   29:  k[0] = k1;
    #####:   30:  k[1] = k2;
    #####:   31:  k[2] = k3;
    #####:   32:  k[3] = k4;
    #####:   33:  k[4] = k5;
    #####:   34:  k[5] = k6;
    #####:   35:  k[6] = k7;
    #####:   36:  k[7] = k8;
    #####:   37:  k[8] = k9;
    #####:   38:  k[9] = k10;
    #####:   39:  return k;
        -:   40:}
        -:   41:
function initializeGame called 3665 returned 100% blocks executed 95%
     3665:   42:int initializeGame(int numPlayers, int kingdomCards[10], int randomSeed,
        -:   43:		   struct gameState *state) {
        -:   44:
        -:   45:  int i;
        -:   46:  int j;
        -:   47:  int it;			
        -:   48:  //set up random number generator
     3665:   49:  SelectStream(1);
call    0 returned 100%
     3665:   50:  PutSeed((long)randomSeed);
call    0 returned 100%
        -:   51:  
        -:   52:  //check number of players
     3665:   53:  if (numPlayers > MAX_PLAYERS || numPlayers < 2)
branch  0 taken 100% (fallthrough)
branch  1 taken 0%
branch  2 taken 44% (fallthrough)
branch  3 taken 56%
        -:   54:    {
     1613:   55:      return -1;
        -:   56:    }
        -:   57:
        -:   58:  //set number of players
     2052:   59:  state->numPlayers = numPlayers;
        -:   60:
        -:   61:  //check selected kingdom cards are different
    22572:   62:  for (i = 0; i < 10; i++)
branch  0 taken 91%
branch  1 taken 9% (fallthrough)
        -:   63:    {
   225720:   64:      for (j = 0; j < 10; j++)
branch  0 taken 91%
branch  1 taken 9% (fallthrough)
        -:   65:        {
   205200:   66:	  if (j != i && kingdomCards[j] == kingdomCards[i])
branch  0 taken 90% (fallthrough)
branch  1 taken 10%
branch  2 taken 0% (fallthrough)
branch  3 taken 100%
        -:   67:	    {
    #####:   68:	      return -1;
        -:   69:	    }
        -:   70:        }
        -:   71:    }
        -:   72:
        -:   73:
        -:   74:  //initialize supply
        -:   75:  ///////////////////////////////
        -:   76:
        -:   77:  //set number of Curse cards
     2052:   78:  if (numPlayers == 2)
branch  0 taken 38% (fallthrough)
branch  1 taken 62%
        -:   79:    {
      777:   80:      state->supplyCount[curse] = 10;
        -:   81:    }
     1275:   82:  else if (numPlayers == 3)
branch  0 taken 100% (fallthrough)
branch  1 taken 0%
        -:   83:    {
     1275:   84:      state->supplyCount[curse] = 20;
        -:   85:    }
        -:   86:  else
        -:   87:    {
    #####:   88:      state->supplyCount[curse] = 30;
        -:   89:    }
        -:   90:
        -:   91:  //set number of Victory cards
     2052:   92:  if (numPlayers == 2)
branch  0 taken 38% (fallthrough)
branch  1 taken 62%
        -:   93:    {
      777:   94:      state->supplyCount[estate] = 8;
      777:   95:      state->supplyCount[duchy] = 8;
      777:   96:      state->supplyCount[province] = 8;
        -:   97:    }
        -:   98:  else
        -:   99:    {
     1275:  100:      state->supplyCount[estate] = 12;
     1275:  101:      state->supplyCount[duchy] = 12;
     1275:  102:      state->supplyCount[province] = 12;
        -:  103:    }
        -:  104:
        -:  105:  //set number of Treasure cards
     2052:  106:  state->supplyCount[copper] = 60 - (7 * numPlayers);
     2052:  107:  state->supplyCount[silver] = 40;
     2052:  108:  state->supplyCount[gold] = 30;
        -:  109:
        -:  110:  //set number of Kingdom cards
    43092:  111:  for (i = adventurer; i <= treasure_map; i++)       	//loop all cards
branch  0 taken 95%
branch  1 taken 5% (fallthrough)
        -:  112:    {
   338580:  113:      for (j = 0; j < 10; j++)           		//loop chosen cards
branch  0 taken 94%
branch  1 taken 6% (fallthrough)
        -:  114:	{
   318060:  115:	  if (kingdomCards[j] == i)
branch  0 taken 6% (fallthrough)
branch  1 taken 94%
        -:  116:	    {
        -:  117:	      //check if card is a 'Victory' Kingdom card
    20520:  118:	      if (kingdomCards[j] == great_hall || kingdomCards[j] == gardens)
branch  0 taken 90% (fallthrough)
branch  1 taken 10%
branch  2 taken 11% (fallthrough)
branch  3 taken 89%
        -:  119:		{
     8208:  120:		  if (numPlayers == 2){ 
branch  0 taken 38% (fallthrough)
branch  1 taken 62%
     1554:  121:		    state->supplyCount[i] = 8; 
        -:  122:		  }
     2550:  123:		  else{ state->supplyCount[i] = 12; }
        -:  124:		}
        -:  125:	      else
        -:  126:		{
    16416:  127:		  state->supplyCount[i] = 10;
        -:  128:		}
    20520:  129:	      break;
        -:  130:	    }
        -:  131:	  else    //card is not in the set choosen for the game
        -:  132:	    {
   297540:  133:	      state->supplyCount[i] = -1;
        -:  134:	    }
        -:  135:	}
        -:  136:
        -:  137:    }
        -:  138:
        -:  139:  ////////////////////////
        -:  140:  //supply intilization complete
        -:  141:
        -:  142:  //set player decks
     7431:  143:  for (i = 0; i < numPlayers; i++)
branch  0 taken 72%
branch  1 taken 28% (fallthrough)
        -:  144:    {
     5379:  145:      state->deckCount[i] = 0;
    21516:  146:      for (j = 0; j < 3; j++)
branch  0 taken 75%
branch  1 taken 25% (fallthrough)
        -:  147:	{
    16137:  148:	  state->deck[i][j] = estate;
    16137:  149:	  state->deckCount[i]++;
        -:  150:	}
    43032:  151:      for (j = 3; j < 10; j++)
branch  0 taken 88%
branch  1 taken 13% (fallthrough)
        -:  152:	{
    37653:  153:	  state->deck[i][j] = copper;
    37653:  154:	  state->deckCount[i]++;		
        -:  155:	}
        -:  156:    }
        -:  157:
        -:  158:  //shuffle player decks
     7431:  159:  for (i = 0; i < numPlayers; i++)
branch  0 taken 72%
branch  1 taken 28% (fallthrough)
        -:  160:    {
     5379:  161:      if ( shuffle(i, state) < 0 )
call    0 returned 100%
branch  1 taken 0% (fallthrough)
branch  2 taken 100%
        -:  162:	{
    #####:  163:	  return -1;
        -:  164:	}
        -:  165:    }
        -:  166:
        -:  167:  //draw player hands
     7431:  168:  for (i = 0; i < numPlayers; i++)
branch  0 taken 72%
branch  1 taken 28% (fallthrough)
        -:  169:    {  
        -:  170:      //initialize hand size to zero
     5379:  171:      state->handCount[i] = 0;
     5379:  172:      state->discardCount[i] = 0;
        -:  173:      //draw 5 cards
        -:  174:      // for (j = 0; j < 5; j++)
        -:  175:      //	{
        -:  176:      //	  drawCard(i, state);
        -:  177:      //	}
        -:  178:    }
        -:  179:  
        -:  180:  //set embargo tokens to 0 for all supply piles
    57456:  181:  for (i = 0; i <= treasure_map; i++)
branch  0 taken 96%
branch  1 taken 4% (fallthrough)
        -:  182:    {
    55404:  183:      state->embargoTokens[i] = 0;
        -:  184:    }
        -:  185:
        -:  186:  //initialize first player's turn
     2052:  187:  state->outpostPlayed = 0;
     2052:  188:  state->phase = 0;
     2052:  189:  state->numActions = 1;
     2052:  190:  state->numBuys = 1;
     2052:  191:  state->playedCardCount = 0;
     2052:  192:  state->whoseTurn = 0;
     2052:  193:  state->handCount[state->whoseTurn] = 0;
        -:  194:  //int it; move to top
        -:  195:
        -:  196:  //Moved draw cards to here, only drawing at the start of a turn
    12312:  197:  for (it = 0; it < 5; it++){
branch  0 taken 83%
branch  1 taken 17% (fallthrough)
    10260:  198:    drawCard(state->whoseTurn, state);
call    0 returned 100%
        -:  199:  }
        -:  200:
     2052:  201:  updateCoins(state->whoseTurn, state, 0);
call    0 returned 100%
        -:  202:
     2052:  203:  return 0;
        -:  204:}
        -:  205:
function shuffle called 9017 returned 100% blocks executed 100%
     9017:  206:int shuffle(int player, struct gameState *state) {
        -:  207: 
        -:  208:
        -:  209:  int newDeck[MAX_DECK];
     9017:  210:  int newDeckPos = 0;
        -:  211:  int card;
        -:  212:  int i;
        -:  213:
     9017:  214:  if (state->deckCount[player] < 1)
branch  0 taken 40% (fallthrough)
branch  1 taken 60%
     3597:  215:    return -1;
     5420:  216:  qsort ((void*)(state->deck[player]), state->deckCount[player], sizeof(int), compare); 
call    0 returned 100%
        -:  217:  /* SORT CARDS IN DECK TO ENSURE DETERMINISM! */
        -:  218:
    80032:  219:  while (state->deckCount[player] > 0) {
branch  0 taken 93%
branch  1 taken 7% (fallthrough)
    69192:  220:    card = floor(Random() * state->deckCount[player]);
call    0 returned 100%
    69192:  221:    newDeck[newDeckPos] = state->deck[player][card];
    69192:  222:    newDeckPos++;
  1632795:  223:    for (i = card; i < state->deckCount[player]-1; i++) {
branch  0 taken 96%
branch  1 taken 4% (fallthrough)
  1563603:  224:      state->deck[player][i] = state->deck[player][i+1];
        -:  225:    }
    69192:  226:    state->deckCount[player]--;
        -:  227:  }
    74612:  228:  for (i = 0; i < newDeckPos; i++) {
branch  0 taken 93%
branch  1 taken 7% (fallthrough)
    69192:  229:    state->deck[player][i] = newDeck[i];
    69192:  230:    state->deckCount[player]++;
        -:  231:  }
        -:  232:
     5420:  233:  return 0;
        -:  234:}
        -:  235:
function playCard called 0 returned 0% blocks executed 0%
    #####:  236:int playCard(int handPos, int choice1, int choice2, int choice3, struct gameState *state) 
        -:  237:{	
        -:  238:  int card;
    #####:  239:  int coin_bonus = 0; 		//tracks coins gain from actions
        -:  240:
        -:  241:  //check if it is the right phase
    #####:  242:  if (state->phase != 0)
branch  0 never executed
branch  1 never executed
        -:  243:    {
    #####:  244:      return -1;
        -:  245:    }
        -:  246:	
        -:  247:  //check if player has enough actions
    #####:  248:  if ( state->numActions < 1 )
branch  0 never executed
branch  1 never executed
        -:  249:    {
    #####:  250:      return -1;
        -:  251:    }
        -:  252:	
        -:  253:  //get card played
    #####:  254:  card = handCard(handPos, state);
call    0 never executed
        -:  255:	
        -:  256:  //check if selected card is an action
    #####:  257:  if ( card < adventurer || card > treasure_map )
branch  0 never executed
branch  1 never executed
branch  2 never executed
branch  3 never executed
        -:  258:    {
    #####:  259:      return -1;
        -:  260:    }
        -:  261:	
        -:  262:  //play card
    #####:  263:  if ( cardEffect(card, choice1, choice2, choice3, state, handPos, &coin_bonus) < 0 )
call    0 never executed
branch  1 never executed
branch  2 never executed
        -:  264:    {
    #####:  265:      return -1;
        -:  266:    }
        -:  267:	
        -:  268:  //reduce number of actions
    #####:  269:  state->numActions--;
        -:  270:
        -:  271:  //update coins (Treasure cards may be added with card draws)
    #####:  272:  updateCoins(state->whoseTurn, state, coin_bonus);
call    0 never executed
        -:  273:	
    #####:  274:  return 0;
        -:  275:}
        -:  276:
function buyCard called 0 returned 0% blocks executed 0%
    #####:  277:int buyCard(int supplyPos, struct gameState *state) {
        -:  278:  int who;
        -:  279:  if (DEBUG){
        -:  280:    printf("Entering buyCard...\n");
        -:  281:  }
        -:  282:
        -:  283:  // I don't know what to do about the phase thing.
        -:  284:
    #####:  285:  who = state->whoseTurn;
        -:  286:
    #####:  287:  if (state->numBuys < 1){
branch  0 never executed
branch  1 never executed
        -:  288:    if (DEBUG)
        -:  289:      printf("You do not have any buys left\n");
    #####:  290:    return -1;
    #####:  291:  } else if (supplyCount(supplyPos, state) <1){
call    0 never executed
branch  1 never executed
branch  2 never executed
        -:  292:    if (DEBUG)
        -:  293:      printf("There are not any of that type of card left\n");
    #####:  294:    return -1;
    #####:  295:  } else if (state->coins < getCost(supplyPos)){
call    0 never executed
branch  1 never executed
branch  2 never executed
        -:  296:    if (DEBUG) 
        -:  297:      printf("You do not have enough money to buy that. You have %d coins.\n", state->coins);
    #####:  298:    return -1;
        -:  299:  } else {
    #####:  300:    state->phase=1;
        -:  301:    //state->supplyCount[supplyPos]--;
    #####:  302:    gainCard(supplyPos, state, 0, who); //card goes in discard, this might be wrong.. (2 means goes into hand, 0 goes into discard)
call    0 never executed
        -:  303:  
    #####:  304:    state->coins = (state->coins) - (getCost(supplyPos));
call    0 never executed
    #####:  305:    state->numBuys--;
        -:  306:    if (DEBUG)
        -:  307:      printf("You bought card number %d for %d coins. You now have %d buys and %d coins.\n", supplyPos, getCost(supplyPos), state->numBuys, state->coins);
        -:  308:  }
        -:  309:
        -:  310:  //state->discard[who][state->discardCount[who]] = supplyPos;
        -:  311:  //state->discardCount[who]++;
        -:  312:    
    #####:  313:  return 0;
        -:  314:}
        -:  315:
function numHandCards called 0 returned 0% blocks executed 0%
    #####:  316:int numHandCards(struct gameState *state) {
    #####:  317:  return state->handCount[ whoseTurn(state) ];
call    0 never executed
        -:  318:}
        -:  319:
function handCard called 0 returned 0% blocks executed 0%
    #####:  320:int handCard(int handPos, struct gameState *state) {
    #####:  321:  int currentPlayer = whoseTurn(state);
call    0 never executed
    #####:  322:  return state->hand[currentPlayer][handPos];
        -:  323:}
        -:  324:
function supplyCount called 0 returned 0% blocks executed 0%
    #####:  325:int supplyCount(int card, struct gameState *state) {
    #####:  326:  return state->supplyCount[card];
        -:  327:}
        -:  328:
function fullDeckCount called 0 returned 0% blocks executed 0%
    #####:  329:int fullDeckCount(int player, int card, struct gameState *state) {
        -:  330:  int i;
    #####:  331:  int count = 0;
        -:  332:
    #####:  333:  for (i = 0; i < state->deckCount[player]; i++)
branch  0 never executed
branch  1 never executed
        -:  334:    {
    #####:  335:      if (state->deck[player][i] == card) count++;
branch  0 never executed
branch  1 never executed
        -:  336:    }
        -:  337:
    #####:  338:  for (i = 0; i < state->handCount[player]; i++)
branch  0 never executed
branch  1 never executed
        -:  339:    {
    #####:  340:      if (state->hand[player][i] == card) count++;
branch  0 never executed
branch  1 never executed
        -:  341:    }
        -:  342:
    #####:  343:  for (i = 0; i < state->discardCount[player]; i++)
branch  0 never executed
branch  1 never executed
        -:  344:    {
    #####:  345:      if (state->discard[player][i] == card) count++;
branch  0 never executed
branch  1 never executed
        -:  346:    }
        -:  347:
    #####:  348:  return count;
        -:  349:}
        -:  350:
function whoseTurn called 0 returned 0% blocks executed 0%
    #####:  351:int whoseTurn(struct gameState *state) {
    #####:  352:  return state->whoseTurn;
        -:  353:}
        -:  354:
function endTurn called 0 returned 0% blocks executed 0%
    #####:  355:int endTurn(struct gameState *state) {
        -:  356:  int k;
        -:  357:  int i;
    #####:  358:  int currentPlayer = whoseTurn(state);
call    0 never executed
        -:  359:  
        -:  360:  //Discard hand
    #####:  361:  for (i = 0; i < state->handCount[currentPlayer]; i++){
branch  0 never executed
branch  1 never executed
    #####:  362:    state->discard[currentPlayer][state->discardCount[currentPlayer]++] = state->hand[currentPlayer][i];//Discard
    #####:  363:    state->hand[currentPlayer][i] = -1;//Set card to -1
        -:  364:  }
    #####:  365:  state->handCount[currentPlayer] = 0;//Reset hand count
        -:  366:    
        -:  367:  //Code for determining the player
    #####:  368:  if (currentPlayer < (state->numPlayers - 1)){ 
branch  0 never executed
branch  1 never executed
    #####:  369:    state->whoseTurn = currentPlayer + 1;//Still safe to increment
        -:  370:  }
        -:  371:  else{
    #####:  372:    state->whoseTurn = 0;//Max player has been reached, loop back around to player 1
        -:  373:  }
        -:  374:
    #####:  375:  state->outpostPlayed = 0;
    #####:  376:  state->phase = 0;
    #####:  377:  state->numActions = 1;
    #####:  378:  state->coins = 0;
    #####:  379:  state->numBuys = 1;
    #####:  380:  state->playedCardCount = 0;
    #####:  381:  state->handCount[state->whoseTurn] = 0;
        -:  382:
        -:  383:  //int k; move to top
        -:  384:  //Next player draws hand
    #####:  385:  for (k = 0; k < 5; k++){
branch  0 never executed
branch  1 never executed
    #####:  386:    drawCard(state->whoseTurn, state);//Draw a card
call    0 never executed
        -:  387:  }
        -:  388:
        -:  389:  //Update money
    #####:  390:  updateCoins(state->whoseTurn, state , 0);
call    0 never executed
        -:  391:
    #####:  392:  return 0;
        -:  393:}
        -:  394:
function isGameOver called 0 returned 0% blocks executed 0%
    #####:  395:int isGameOver(struct gameState *state) {
        -:  396:  int i;
        -:  397:  int j;
        -:  398:	
        -:  399:  //if stack of Province cards is empty, the game ends
    #####:  400:  if (state->supplyCount[province] == 0)
branch  0 never executed
branch  1 never executed
        -:  401:    {
    #####:  402:      return 1;
        -:  403:    }
        -:  404:
        -:  405:  //if three supply pile are at 0, the game ends
    #####:  406:  j = 0;
    #####:  407:  for (i = 0; i < 25; i++)
branch  0 never executed
branch  1 never executed
        -:  408:    {
    #####:  409:      if (state->supplyCount[i] == 0)
branch  0 never executed
branch  1 never executed
        -:  410:	{
    #####:  411:	  j++;
        -:  412:	}
        -:  413:    }
    #####:  414:  if ( j >= 3)
branch  0 never executed
branch  1 never executed
        -:  415:    {
    #####:  416:      return 1;
        -:  417:    }
        -:  418:
    #####:  419:  return 0;
        -:  420:}
        -:  421:
function scoreFor called 0 returned 0% blocks executed 0%
    #####:  422:int scoreFor (int player, struct gameState *state) {
        -:  423:
        -:  424:  int i;
    #####:  425:  int score = 0;
        -:  426:  //score from hand
    #####:  427:  for (i = 0; i < state->handCount[player]; i++)
branch  0 never executed
branch  1 never executed
        -:  428:    {
    #####:  429:      if (state->hand[player][i] == curse) { score = score - 1; };
branch  0 never executed
branch  1 never executed
    #####:  430:      if (state->hand[player][i] == estate) { score = score + 1; };
branch  0 never executed
branch  1 never executed
    #####:  431:      if (state->hand[player][i] == duchy) { score = score + 3; };
branch  0 never executed
branch  1 never executed
    #####:  432:      if (state->hand[player][i] == province) { score = score + 6; };
branch  0 never executed
branch  1 never executed
    #####:  433:      if (state->hand[player][i] == great_hall) { score = score + 1; };
branch  0 never executed
branch  1 never executed
    #####:  434:      if (state->hand[player][i] == gardens) { score = score + ( fullDeckCount(player, 0, state) / 10 ); };
branch  0 never executed
branch  1 never executed
call    2 never executed
        -:  435:    }
        -:  436:
        -:  437:  //score from discard
    #####:  438:  for (i = 0; i < state->discardCount[player]; i++)
branch  0 never executed
branch  1 never executed
        -:  439:    {
    #####:  440:      if (state->discard[player][i] == curse) { score = score - 1; };
branch  0 never executed
branch  1 never executed
    #####:  441:      if (state->discard[player][i] == estate) { score = score + 1; };
branch  0 never executed
branch  1 never executed
    #####:  442:      if (state->discard[player][i] == duchy) { score = score + 3; };
branch  0 never executed
branch  1 never executed
    #####:  443:      if (state->discard[player][i] == province) { score = score + 6; };
branch  0 never executed
branch  1 never executed
    #####:  444:      if (state->discard[player][i] == great_hall) { score = score + 1; };
branch  0 never executed
branch  1 never executed
    #####:  445:      if (state->discard[player][i] == gardens) { score = score + ( fullDeckCount(player, 0, state) / 10 ); };
branch  0 never executed
branch  1 never executed
call    2 never executed
        -:  446:    }
        -:  447:
        -:  448:  //score from deck
    #####:  449:  for (i = 0; i < state->discardCount[player]; i++)
branch  0 never executed
branch  1 never executed
        -:  450:    {
    #####:  451:      if (state->deck[player][i] == curse) { score = score - 1; };
branch  0 never executed
branch  1 never executed
    #####:  452:      if (state->deck[player][i] == estate) { score = score + 1; };
branch  0 never executed
branch  1 never executed
    #####:  453:      if (state->deck[player][i] == duchy) { score = score + 3; };
branch  0 never executed
branch  1 never executed
    #####:  454:      if (state->deck[player][i] == province) { score = score + 6; };
branch  0 never executed
branch  1 never executed
    #####:  455:      if (state->deck[player][i] == great_hall) { score = score + 1; };
branch  0 never executed
branch  1 never executed
    #####:  456:      if (state->deck[player][i] == gardens) { score = score + ( fullDeckCount(player, 0, state) / 10 ); };
branch  0 never executed
branch  1 never executed
call    2 never executed
        -:  457:    }
        -:  458:
    #####:  459:  return score;
        -:  460:}
        -:  461:
function getWinners called 0 returned 0% blocks executed 0%
    #####:  462:int getWinners(int players[MAX_PLAYERS], struct gameState *state) {
        -:  463:  int i;	
        -:  464:  int j;
        -:  465:  int highScore;
        -:  466:  int currentPlayer;
        -:  467:
        -:  468:  //get score for each player
    #####:  469:  for (i = 0; i < MAX_PLAYERS; i++)
branch  0 never executed
branch  1 never executed
        -:  470:    {
        -:  471:      //set unused player scores to -9999
    #####:  472:      if (i >= state->numPlayers)
branch  0 never executed
branch  1 never executed
        -:  473:	{
    #####:  474:	  players[i] = -9999;
        -:  475:	}
        -:  476:      else
        -:  477:	{
    #####:  478:	  players[i] = scoreFor (i, state);
call    0 never executed
        -:  479:	}
        -:  480:    }
        -:  481:
        -:  482:  //find highest score
    #####:  483:  j = 0;
    #####:  484:  for (i = 0; i < MAX_PLAYERS; i++)
branch  0 never executed
branch  1 never executed
        -:  485:    {
    #####:  486:      if (players[i] > players[j])
branch  0 never executed
branch  1 never executed
        -:  487:	{
    #####:  488:	  j = i;
        -:  489:	}
        -:  490:    }
    #####:  491:  highScore = players[j];
        -:  492:
        -:  493:  //add 1 to players who had less turns
    #####:  494:  currentPlayer = whoseTurn(state);
call    0 never executed
    #####:  495:  for (i = 0; i < MAX_PLAYERS; i++)
branch  0 never executed
branch  1 never executed
        -:  496:    {
    #####:  497:      if ( players[i] == highScore && i > currentPlayer )
branch  0 never executed
branch  1 never executed
branch  2 never executed
branch  3 never executed
        -:  498:	{
    #####:  499:	  players[i]++;
        -:  500:	}
        -:  501:    }
        -:  502:
        -:  503:  //find new highest score
    #####:  504:  j = 0;
    #####:  505:  for (i = 0; i < MAX_PLAYERS; i++)
branch  0 never executed
branch  1 never executed
        -:  506:    {
    #####:  507:      if ( players[i] > players[j] )
branch  0 never executed
branch  1 never executed
        -:  508:	{
    #####:  509:	  j = i;
        -:  510:	}
        -:  511:    }
    #####:  512:  highScore = players[j];
        -:  513:
        -:  514:  //set winners in array to 1 and rest to 0
    #####:  515:  for (i = 0; i < MAX_PLAYERS; i++)
branch  0 never executed
branch  1 never executed
        -:  516:    {
    #####:  517:      if ( players[i] == highScore )
branch  0 never executed
branch  1 never executed
        -:  518:	{
    #####:  519:	  players[i] = 1;
        -:  520:	}
        -:  521:      else
        -:  522:	{
    #####:  523:	  players[i] = 0;
        -:  524:	}
        -:  525:    }
        -:  526:
    #####:  527:  return 0;
        -:  528:}
        -:  529:
function drawCard called 99561 returned 100% blocks executed 92%
    99561:  530:int drawCard(int player, struct gameState *state)
        -:  531:{	int count;
        -:  532:  int deckCounter;
    99561:  533:  if (state->deckCount[player] <= 0){//Deck is empty
branch  0 taken 1% (fallthrough)
branch  1 taken 99%
        -:  534:    //Step 1 Shuffle the discard pile back into a deck
        -:  535:    int i;
        -:  536:    //Move discard to deck
    15443:  537:    for (i = 0; i < state->discardCount[player];i++){
branch  0 taken 99%
branch  1 taken 1% (fallthrough)
    15402:  538:      state->deck[player][i] = state->discard[player][i];
    15402:  539:      state->discard[player][i] = -1;
        -:  540:    }
        -:  541:
       41:  542:    state->deckCount[player] = state->discardCount[player];
       41:  543:    state->discardCount[player] = 0;//Reset discard
        -:  544:
        -:  545:    //Shufffle the deck
       41:  546:    shuffle(player, state);//Shuffle the deck up and make it so that we can draw
call    0 returned 100%
        -:  547:   
        -:  548:    if (DEBUG){//Debug statements
        -:  549:      printf("Deck count now: %d\n", state->deckCount[player]);
        -:  550:    }
        -:  551:    
       41:  552:    state->discardCount[player] = 0;
        -:  553:
        -:  554:    //Step 2 Draw Card
       41:  555:    count = state->handCount[player];//Get current player's hand count
        -:  556:    
        -:  557:    if (DEBUG){//Debug statements
        -:  558:      printf("Current hand count: %d\n", count);
        -:  559:    }
        -:  560:    
       41:  561:    deckCounter = state->deckCount[player];//Create a holder for the deck count
        -:  562:
       41:  563:    if (deckCounter == 0)
branch  0 taken 0% (fallthrough)
branch  1 taken 100%
    #####:  564:      return -1;
        -:  565:
       41:  566:    state->hand[player][count] = state->deck[player][deckCounter - 1];//Add card to hand
       41:  567:    state->deckCount[player]--;
       41:  568:    state->handCount[player]++;//Increment hand count
        -:  569:  }
        -:  570:
        -:  571:  else{
    99520:  572:    int count = state->handCount[player];//Get current hand count for player
        -:  573:    int deckCounter;
        -:  574:    if (DEBUG){//Debug statements
        -:  575:      printf("Current hand count: %d\n", count);
        -:  576:    }
        -:  577:
    99520:  578:    deckCounter = state->deckCount[player];//Create holder for the deck count
    99520:  579:    state->hand[player][count] = state->deck[player][deckCounter - 1];//Add card to the hand
    99520:  580:    state->deckCount[player]--;
    99520:  581:    state->handCount[player]++;//Increment hand count
        -:  582:  }
        -:  583:
    99561:  584:  return 0;
        -:  585:}
        -:  586:
function getCost called 0 returned 0% blocks executed 0%
    #####:  587:int getCost(int cardNumber)
        -:  588:{
    #####:  589:  switch( cardNumber ) 
branch  0 never executed
branch  1 never executed
branch  2 never executed
branch  3 never executed
branch  4 never executed
branch  5 never executed
branch  6 never executed
branch  7 never executed
branch  8 never executed
branch  9 never executed
branch 10 never executed
branch 11 never executed
branch 12 never executed
branch 13 never executed
branch 14 never executed
branch 15 never executed
branch 16 never executed
branch 17 never executed
branch 18 never executed
branch 19 never executed
branch 20 never executed
branch 21 never executed
branch 22 never executed
branch 23 never executed
branch 24 never executed
branch 25 never executed
branch 26 never executed
branch 27 never executed
        -:  590:    {
        -:  591:    case curse:
    #####:  592:      return 0;
        -:  593:    case estate:
    #####:  594:      return 2;
        -:  595:    case duchy:
    #####:  596:      return 5;
        -:  597:    case province:
    #####:  598:      return 8;
        -:  599:    case copper:
    #####:  600:      return 0;
        -:  601:    case silver:
    #####:  602:      return 3;
        -:  603:    case gold:
    #####:  604:      return 6;
        -:  605:    case adventurer:
    #####:  606:      return 6;
        -:  607:    case council_room:
    #####:  608:      return 5;
        -:  609:    case feast:
    #####:  610:      return 4;
        -:  611:    case gardens:
    #####:  612:      return 4;
        -:  613:    case mine:
    #####:  614:      return 5;
        -:  615:    case remodel:
    #####:  616:      return 4;
        -:  617:    case smithy:
    #####:  618:      return 4;
        -:  619:    case village:
    #####:  620:      return 3;
        -:  621:    case baron:
    #####:  622:      return 4;
        -:  623:    case great_hall:
    #####:  624:      return 3;
        -:  625:    case minion:
    #####:  626:      return 5;
        -:  627:    case steward:
    #####:  628:      return 3;
        -:  629:    case tribute:
    #####:  630:      return 5;
        -:  631:    case ambassador:
    #####:  632:      return 3;
        -:  633:    case cutpurse:
    #####:  634:      return 4;
        -:  635:    case embargo: 
    #####:  636:      return 2;
        -:  637:    case outpost:
    #####:  638:      return 5;
        -:  639:    case salvager:
    #####:  640:      return 4;
        -:  641:    case sea_hag:
    #####:  642:      return 4;
        -:  643:    case treasure_map:
    #####:  644:      return 4;
        -:  645:    }
        -:  646:	
    #####:  647:  return -1;
        -:  648:}
        -:  649:
function cardEffect called 0 returned 0% blocks executed 0%
    #####:  650:int cardEffect(int card, int choice1, int choice2, int choice3, struct gameState *state, int handPos, int *bonus)
        -:  651:{
        -:  652:  int i;
        -:  653:  int j;
        -:  654:  int k;
        -:  655:  int x;
        -:  656:  int index;
    #####:  657:  int currentPlayer = whoseTurn(state);
call    0 never executed
    #####:  658:  int nextPlayer = currentPlayer + 1;
        -:  659:
    #####:  660:  int tributeRevealedCards[2] = {-1, -1};
        -:  661:  int temphand[MAX_HAND];// moved above the if statement
    #####:  662:  if (nextPlayer > (state->numPlayers - 1)){
branch  0 never executed
branch  1 never executed
    #####:  663:    nextPlayer = 0;
        -:  664:  }
        -:  665:  
        -:  666:	
        -:  667:  //uses switch to select card and perform actions
    #####:  668:  switch( card ) 
branch  0 never executed
branch  1 never executed
branch  2 never executed
branch  3 never executed
branch  4 never executed
branch  5 never executed
branch  6 never executed
branch  7 never executed
branch  8 never executed
branch  9 never executed
branch 10 never executed
branch 11 never executed
branch 12 never executed
branch 13 never executed
branch 14 never executed
branch 15 never executed
branch 16 never executed
branch 17 never executed
branch 18 never executed
branch 19 never executed
branch 20 never executed
        -:  669:    {
        -:  670:    case adventurer:
    #####:  671:      adventurerAction(currentPlayer, state, temphand, handPos);
call    0 never executed
    #####:  672:      return 0;
        -:  673:    case council_room:
    #####:  674:      councilAction(currentPlayer, state, handPos);
call    0 never executed
    #####:  675:      return 0;
        -:  676:    case feast:
        -:  677:      //gain card with cost up to 5
        -:  678:      //Backup hand
    #####:  679:      for (i = 0; i <= state->handCount[currentPlayer]; i++){
branch  0 never executed
branch  1 never executed
    #####:  680:	temphand[i] = state->hand[currentPlayer][i];//Backup card
    #####:  681:	state->hand[currentPlayer][i] = -1;//Set to nothing
        -:  682:      }
        -:  683:      //Backup hand
        -:  684:
        -:  685:      //Update Coins for Buy
    #####:  686:      updateCoins(currentPlayer, state, 5);
call    0 never executed
    #####:  687:      x = 1;//Condition to loop on
    #####:  688:      while( x == 1) {//Buy one card
branch  0 never executed
branch  1 never executed
    #####:  689:	if (supplyCount(choice1, state) <= 0){
call    0 never executed
branch  1 never executed
branch  2 never executed
        -:  690:	  if (DEBUG)
        -:  691:	    printf("None of that card left, sorry!\n");
        -:  692:
        -:  693:	  if (DEBUG){
        -:  694:	    printf("Cards Left: %d\n", supplyCount(choice1, state));
        -:  695:	  }
        -:  696:	}
    #####:  697:	else if (state->coins < getCost(choice1)){
call    0 never executed
branch  1 never executed
branch  2 never executed
    #####:  698:	  printf("That card is too expensive!\n");
call    0 never executed
        -:  699:
        -:  700:	  if (DEBUG){
        -:  701:	    printf("Coins: %d < %d\n", state->coins, getCost(choice1));
        -:  702:	  }
        -:  703:	}
        -:  704:	else{
        -:  705:
        -:  706:	  if (DEBUG){
        -:  707:	    printf("Deck Count: %d\n", state->handCount[currentPlayer] + state->deckCount[currentPlayer] + state->discardCount[currentPlayer]);
        -:  708:	  }
        -:  709:
    #####:  710:	  gainCard(choice1, state, 0, currentPlayer);//Gain the card
call    0 never executed
    #####:  711:	  x = 0;//No more buying cards
        -:  712:
        -:  713:	  if (DEBUG){
        -:  714:	    printf("Deck Count: %d\n", state->handCount[currentPlayer] + state->deckCount[currentPlayer] + state->discardCount[currentPlayer]);
        -:  715:	  }
        -:  716:
        -:  717:	}
        -:  718:      }     
        -:  719:
        -:  720:      //Reset Hand
    #####:  721:      for (i = 0; i <= state->handCount[currentPlayer]; i++){
branch  0 never executed
branch  1 never executed
    #####:  722:	state->hand[currentPlayer][i] = temphand[i];
    #####:  723:	temphand[i] = -1;
        -:  724:      }
        -:  725:      //Reset Hand
        -:  726:      			
    #####:  727:      return 0;
        -:  728:			
        -:  729:    case gardens:
    #####:  730:      return -1;
        -:  731:			
        -:  732:    case mine:
    #####:  733:      j = state->hand[currentPlayer][choice1];  //store card we will trash
        -:  734:
    #####:  735:      if (state->hand[currentPlayer][choice1] < copper || state->hand[currentPlayer][choice1] > gold)
branch  0 never executed
branch  1 never executed
branch  2 never executed
branch  3 never executed
        -:  736:	{
    #####:  737:	  return -1;
        -:  738:	}
        -:  739:		
    #####:  740:      if (choice2 > treasure_map || choice2 < curse)
branch  0 never executed
branch  1 never executed
branch  2 never executed
branch  3 never executed
        -:  741:	{
    #####:  742:	  return -1;
        -:  743:	}
        -:  744:
    #####:  745:      if ( (getCost(state->hand[currentPlayer][choice1]) + 3) > getCost(choice2) )
call    0 never executed
call    1 never executed
branch  2 never executed
branch  3 never executed
        -:  746:	{
    #####:  747:	  return -1;
        -:  748:	}
        -:  749:
    #####:  750:      gainCard(choice2, state, 2, currentPlayer);
call    0 never executed
        -:  751:
        -:  752:      //discard card from hand
    #####:  753:      discardCard(handPos, currentPlayer, state, 0);
call    0 never executed
        -:  754:
        -:  755:      //discard trashed card
    #####:  756:      for (i = 0; i < state->handCount[currentPlayer]; i++)
branch  0 never executed
branch  1 never executed
        -:  757:	{
    #####:  758:	  if (state->hand[currentPlayer][i] == j)
branch  0 never executed
branch  1 never executed
        -:  759:	    {
    #####:  760:	      discardCard(i, currentPlayer, state, 0);			
call    0 never executed
    #####:  761:	      break;
        -:  762:	    }
        -:  763:	}
        -:  764:			
    #####:  765:      return 0;
        -:  766:			
        -:  767:    case remodel:
    #####:  768:      j = state->hand[currentPlayer][choice1];  //store card we will trash
        -:  769:
    #####:  770:      if ( (getCost(state->hand[currentPlayer][choice1]) + 2) > getCost(choice2) )
call    0 never executed
call    1 never executed
branch  2 never executed
branch  3 never executed
        -:  771:	{
    #####:  772:	  return -1;
        -:  773:	}
        -:  774:
    #####:  775:      gainCard(choice2, state, 0, currentPlayer);
call    0 never executed
        -:  776:
        -:  777:      //discard card from hand
    #####:  778:      discardCard(handPos, currentPlayer, state, 0);
call    0 never executed
        -:  779:
        -:  780:      //discard trashed card
    #####:  781:      for (i = 0; i < state->handCount[currentPlayer]; i++)
branch  0 never executed
branch  1 never executed
        -:  782:	{
    #####:  783:	  if (state->hand[currentPlayer][i] == j)
branch  0 never executed
branch  1 never executed
        -:  784:	    {
    #####:  785:	      discardCard(i, currentPlayer, state, 0);			
call    0 never executed
    #####:  786:	      break;
        -:  787:	    }
        -:  788:	}
        -:  789:
        -:  790:
    #####:  791:      return 0;
        -:  792:		
        -:  793:    case smithy:
    #####:  794:      smithyAction(currentPlayer, state, handPos);
call    0 never executed
    #####:  795:		  return 0;
        -:  796:
        -:  797:    case village:
    #####:  798:      villageAction(currentPlayer, state, handPos);
call    0 never executed
    #####:  799:		  return 0;
        -:  800:
        -:  801:    case baron:
    #####:  802:      baronAction(currentPlayer, state, choice1, handPos);
call    0 never executed
    #####:  803:      return 0;
        -:  804:		
        -:  805:    case great_hall:
        -:  806:      //+1 Card
    #####:  807:      drawCard(currentPlayer, state);
call    0 never executed
        -:  808:			
        -:  809:      //+1 Actions
    #####:  810:      state->numActions++;
        -:  811:			
        -:  812:      //discard card from hand
    #####:  813:      discardCard(handPos, currentPlayer, state, 0);
call    0 never executed
    #####:  814:      return 0;
        -:  815:		
        -:  816:    case minion:
        -:  817:      //+1 action
    #####:  818:      state->numActions++;
        -:  819:			
        -:  820:      //discard card from hand
    #####:  821:      discardCard(handPos, currentPlayer, state, 0);
call    0 never executed
        -:  822:			
    #####:  823:      if (choice1)		//+2 coins
branch  0 never executed
branch  1 never executed
        -:  824:	{
    #####:  825:	  state->coins = state->coins + 2;
        -:  826:	}
        -:  827:			
    #####:  828:      else if (choice2)		//discard hand, redraw 4, other players with 5+ cards discard hand and draw 4
branch  0 never executed
branch  1 never executed
        -:  829:	{
        -:  830:	  //discard hand
    #####:  831:	  while(numHandCards(state) > 0)
call    0 never executed
branch  1 never executed
branch  2 never executed
        -:  832:	    {
    #####:  833:	      discardCard(handPos, currentPlayer, state, 0);
call    0 never executed
        -:  834:	    }
        -:  835:				
        -:  836:	  //draw 4
    #####:  837:	  for (i = 0; i < 4; i++)
branch  0 never executed
branch  1 never executed
        -:  838:	    {
    #####:  839:	      drawCard(currentPlayer, state);
call    0 never executed
        -:  840:	    }
        -:  841:				
        -:  842:	  //other players discard hand and redraw if hand size > 4
    #####:  843:	  for (i = 0; i < state->numPlayers; i++)
branch  0 never executed
branch  1 never executed
        -:  844:	    {
    #####:  845:	      if (i != currentPlayer)
branch  0 never executed
branch  1 never executed
        -:  846:		{
    #####:  847:		  if ( state->handCount[i] > 4 )
branch  0 never executed
branch  1 never executed
        -:  848:		    {
        -:  849:		      //discard hand
    #####:  850:		      while( state->handCount[i] > 0 )
branch  0 never executed
branch  1 never executed
        -:  851:			{
    #####:  852:			  discardCard(handPos, i, state, 0);
call    0 never executed
        -:  853:			}
        -:  854:							
        -:  855:		      //draw 4
    #####:  856:		      for (j = 0; j < 4; j++)
branch  0 never executed
branch  1 never executed
        -:  857:			{
    #####:  858:			  drawCard(i, state);
call    0 never executed
        -:  859:			}
        -:  860:		    }
        -:  861:		}
        -:  862:	    }
        -:  863:				
        -:  864:	}
    #####:  865:      return 0;
        -:  866:		
        -:  867:    case steward:
    #####:  868:      if (choice1 == 1)
branch  0 never executed
branch  1 never executed
        -:  869:	{
        -:  870:	  //+2 cards
    #####:  871:	  drawCard(currentPlayer, state);
call    0 never executed
    #####:  872:	  drawCard(currentPlayer, state);
call    0 never executed
        -:  873:	}
    #####:  874:      else if (choice1 == 2)
branch  0 never executed
branch  1 never executed
        -:  875:	{
        -:  876:	  //+2 coins
    #####:  877:	  state->coins = state->coins + 2;
        -:  878:	}
        -:  879:      else
        -:  880:	{
        -:  881:	  //trash 2 cards in hand
    #####:  882:	  discardCard(choice2, currentPlayer, state, 1);
call    0 never executed
    #####:  883:	  discardCard(choice3, currentPlayer, state, 1);
call    0 never executed
        -:  884:	}
        -:  885:			
        -:  886:      //discard card from hand
    #####:  887:      discardCard(handPos, currentPlayer, state, 0);
call    0 never executed
    #####:  888:      return 0;
        -:  889:		
        -:  890:    case tribute:
    #####:  891:      if ((state->discardCount[nextPlayer] + state->deckCount[nextPlayer]) <= 1){
branch  0 never executed
branch  1 never executed
    #####:  892:	if (state->deckCount[nextPlayer] > 0){
branch  0 never executed
branch  1 never executed
    #####:  893:	  tributeRevealedCards[0] = state->deck[nextPlayer][state->deckCount[nextPlayer]-1];
    #####:  894:	  state->deckCount[nextPlayer]--;
        -:  895:	}
    #####:  896:	else if (state->discardCount[nextPlayer] > 0){
branch  0 never executed
branch  1 never executed
    #####:  897:	  tributeRevealedCards[0] = state->discard[nextPlayer][state->discardCount[nextPlayer]-1];
    #####:  898:	  state->discardCount[nextPlayer]--;
        -:  899:	}
        -:  900:	else{
        -:  901:	  //No Card to Reveal
        -:  902:	  if (DEBUG){
        -:  903:	    printf("No cards to reveal\n");
        -:  904:	  }
        -:  905:	}
        -:  906:      }
        -:  907:	    
        -:  908:      else{
    #####:  909:	if (state->deckCount[nextPlayer] == 0){
branch  0 never executed
branch  1 never executed
    #####:  910:	  for (i = 0; i < state->discardCount[nextPlayer]; i++){
branch  0 never executed
branch  1 never executed
    #####:  911:	    state->deck[nextPlayer][i] = state->discard[nextPlayer][i];//Move to deck
    #####:  912:	    state->deckCount[nextPlayer]++;
    #####:  913:	    state->discard[nextPlayer][i] = -1;
    #####:  914:	    state->discardCount[nextPlayer]--;
        -:  915:	  }
        -:  916:			    
    #####:  917:	  shuffle(nextPlayer,state);//Shuffle the deck
call    0 never executed
        -:  918:	} 
    #####:  919:	tributeRevealedCards[0] = state->deck[nextPlayer][state->deckCount[nextPlayer]-1];
    #####:  920:	state->deck[nextPlayer][state->deckCount[nextPlayer]--] = -1;
    #####:  921:	state->deckCount[nextPlayer]--;
    #####:  922:	tributeRevealedCards[1] = state->deck[nextPlayer][state->deckCount[nextPlayer]-1];
    #####:  923:	state->deck[nextPlayer][state->deckCount[nextPlayer]--] = -1;
    #####:  924:	state->deckCount[nextPlayer]--;
        -:  925:      }    
        -:  926:		       
    #####:  927:      if (tributeRevealedCards[0] == tributeRevealedCards[1]){//If we have a duplicate card, just drop one 
branch  0 never executed
branch  1 never executed
    #####:  928:	state->playedCards[state->playedCardCount] = tributeRevealedCards[1];
    #####:  929:	state->playedCardCount++;
    #####:  930:	tributeRevealedCards[1] = -1;
        -:  931:      }
        -:  932:
    #####:  933:      for (i = 0; i <= 2; i ++){
branch  0 never executed
branch  1 never executed
    #####:  934:	if (tributeRevealedCards[i] == copper || tributeRevealedCards[i] == silver || tributeRevealedCards[i] == gold){//Treasure cards
branch  0 never executed
branch  1 never executed
branch  2 never executed
branch  3 never executed
branch  4 never executed
branch  5 never executed
    #####:  935:	  state->coins += 2;
        -:  936:	}
        -:  937:		    
    #####:  938:	else if (tributeRevealedCards[i] == estate || tributeRevealedCards[i] == duchy || tributeRevealedCards[i] == province || tributeRevealedCards[i] == gardens || tributeRevealedCards[i] == great_hall){//Victory Card Found
branch  0 never executed
branch  1 never executed
branch  2 never executed
branch  3 never executed
branch  4 never executed
branch  5 never executed
branch  6 never executed
branch  7 never executed
branch  8 never executed
branch  9 never executed
    #####:  939:	  drawCard(currentPlayer, state);
call    0 never executed
    #####:  940:	  drawCard(currentPlayer, state);
call    0 never executed
        -:  941:	}
        -:  942:	else{//Action Card
    #####:  943:	  state->numActions = state->numActions + 2;
        -:  944:	}
        -:  945:      }
        -:  946:	    
    #####:  947:      return 0;
        -:  948:		
        -:  949:    case ambassador:
    #####:  950:      j = 0;		//used to check if player has enough cards to discard
        -:  951:
    #####:  952:      if (choice2 > 2 || choice2 < 0)
branch  0 never executed
branch  1 never executed
branch  2 never executed
branch  3 never executed
        -:  953:	{
    #####:  954:	  return -1;				
        -:  955:	}
        -:  956:
    #####:  957:      if (choice1 == handPos)
branch  0 never executed
branch  1 never executed
        -:  958:	{
    #####:  959:	  return -1;
        -:  960:	}
        -:  961:
    #####:  962:      for (i = 0; i < state->handCount[currentPlayer]; i++)
branch  0 never executed
branch  1 never executed
        -:  963:	{
    #####:  964:	  if (i != handPos && i == state->hand[currentPlayer][choice1] && i != choice1)
branch  0 never executed
branch  1 never executed
branch  2 never executed
branch  3 never executed
branch  4 never executed
branch  5 never executed
        -:  965:	    {
    #####:  966:	      j++;
        -:  967:	    }
        -:  968:	}
    #####:  969:      if (j < choice2)
branch  0 never executed
branch  1 never executed
        -:  970:	{
    #####:  971:	  return -1;				
        -:  972:	}
        -:  973:
        -:  974:      if (DEBUG) 
        -:  975:	printf("Player %d reveals card number: %d\n", currentPlayer, state->hand[currentPlayer][choice1]);
        -:  976:
        -:  977:      //increase supply count for choosen card by amount being discarded
    #####:  978:      state->supplyCount[state->hand[currentPlayer][choice1]] += choice2;
        -:  979:			
        -:  980:      //each other player gains a copy of revealed card
    #####:  981:      for (i = 0; i < state->numPlayers; i++)
branch  0 never executed
branch  1 never executed
        -:  982:	{
    #####:  983:	  if (i != currentPlayer)
branch  0 never executed
branch  1 never executed
        -:  984:	    {
    #####:  985:	      gainCard(state->hand[currentPlayer][choice1], state, 0, i);
call    0 never executed
        -:  986:	    }
        -:  987:	}
        -:  988:
        -:  989:      //discard played card from hand
    #####:  990:      discardCard(handPos, currentPlayer, state, 0);			
call    0 never executed
        -:  991:
        -:  992:      //trash copies of cards returned to supply
    #####:  993:      for (j = 0; j < choice2; j++)
branch  0 never executed
branch  1 never executed
        -:  994:	{
    #####:  995:	  for (i = 0; i < state->handCount[currentPlayer]; i++)
branch  0 never executed
branch  1 never executed
        -:  996:	    {
    #####:  997:	      if (state->hand[currentPlayer][i] == state->hand[currentPlayer][choice1])
branch  0 never executed
branch  1 never executed
        -:  998:		{
    #####:  999:		  discardCard(i, currentPlayer, state, 1);
call    0 never executed
    #####: 1000:		  break;
        -: 1001:		}
        -: 1002:	    }
        -: 1003:	}			
        -: 1004:
    #####: 1005:      return 0;
        -: 1006:		
        -: 1007:    case cutpurse:
        -: 1008:
    #####: 1009:      updateCoins(currentPlayer, state, 2);
call    0 never executed
    #####: 1010:      for (i = 0; i < state->numPlayers; i++)
branch  0 never executed
branch  1 never executed
        -: 1011:	{
    #####: 1012:	  if (i != currentPlayer)
branch  0 never executed
branch  1 never executed
        -: 1013:	    {
    #####: 1014:	      for (j = 0; j < state->handCount[i]; j++)
branch  0 never executed
branch  1 never executed
        -: 1015:		{
    #####: 1016:		  if (state->hand[i][j] == copper)
branch  0 never executed
branch  1 never executed
        -: 1017:		    {
    #####: 1018:		      discardCard(j, i, state, 0);
call    0 never executed
    #####: 1019:		      break;
        -: 1020:		    }
    #####: 1021:		  if (j == state->handCount[i])
branch  0 never executed
branch  1 never executed
        -: 1022:		    {
    #####: 1023:		      for (k = 0; k < state->handCount[i]; k++)
branch  0 never executed
branch  1 never executed
        -: 1024:			{
        -: 1025:			  if (DEBUG)
        -: 1026:			    printf("Player %d reveals card number %d\n", i, state->hand[i][k]);
        -: 1027:			}	
    #####: 1028:		      break;
        -: 1029:		    }		
        -: 1030:		}
        -: 1031:					
        -: 1032:	    }
        -: 1033:				
        -: 1034:	}				
        -: 1035:
        -: 1036:      //discard played card from hand
    #####: 1037:      discardCard(handPos, currentPlayer, state, 0);			
call    0 never executed
        -: 1038:
    #####: 1039:      return 0;
        -: 1040:
        -: 1041:		
        -: 1042:    case embargo: 
        -: 1043:      //+2 Coins
    #####: 1044:      state->coins = state->coins + 2;
        -: 1045:			
        -: 1046:      //see if selected pile is in play
    #####: 1047:      if ( state->supplyCount[choice1] == -1 )
branch  0 never executed
branch  1 never executed
        -: 1048:	{
    #####: 1049:	  return -1;
        -: 1050:	}
        -: 1051:			
        -: 1052:      //add embargo token to selected supply pile
    #####: 1053:      state->embargoTokens[choice1]++;
        -: 1054:			
        -: 1055:      //trash card
    #####: 1056:      discardCard(handPos, currentPlayer, state, 1);		
call    0 never executed
    #####: 1057:      return 0;
        -: 1058:		
        -: 1059:    case outpost:
        -: 1060:      //set outpost flag
    #####: 1061:      state->outpostPlayed++;
        -: 1062:			
        -: 1063:      //discard card
    #####: 1064:      discardCard(handPos, currentPlayer, state, 0);
call    0 never executed
    #####: 1065:      return 0;
        -: 1066:		
        -: 1067:    case salvager:
        -: 1068:      //+1 buy
    #####: 1069:      state->numBuys++;
        -: 1070:			
    #####: 1071:      if (choice1)
branch  0 never executed
branch  1 never executed
        -: 1072:	{
        -: 1073:	  //gain coins equal to trashed card
    #####: 1074:	  state->coins = state->coins + getCost( handCard(choice1, state) );
call    0 never executed
call    1 never executed
        -: 1075:	  //trash card
    #####: 1076:	  discardCard(choice1, currentPlayer, state, 1);	
call    0 never executed
        -: 1077:	}
        -: 1078:			
        -: 1079:      //discard card
    #####: 1080:      discardCard(handPos, currentPlayer, state, 0);
call    0 never executed
    #####: 1081:      return 0;
        -: 1082:		
        -: 1083:    case sea_hag:
    #####: 1084:      for (i = 0; i < state->numPlayers; i++){
branch  0 never executed
branch  1 never executed
    #####: 1085:	if (i != currentPlayer){
branch  0 never executed
branch  1 never executed
    #####: 1086:	  state->discard[i][state->discardCount[i]] = state->deck[i][state->deckCount[i]--];			    state->deckCount[i]--;
    #####: 1087:	  state->discardCount[i]++;
    #####: 1088:	  state->deck[i][state->deckCount[i]--] = curse;//Top card now a curse
        -: 1089:	}
        -: 1090:      }
    #####: 1091:      return 0;
        -: 1092:		
        -: 1093:    case treasure_map:
        -: 1094:      //search hand for another treasure_map
    #####: 1095:      index = -1;
    #####: 1096:      for (i = 0; i < state->handCount[currentPlayer]; i++)
branch  0 never executed
branch  1 never executed
        -: 1097:	{
    #####: 1098:	  if (state->hand[currentPlayer][i] == treasure_map && i != handPos)
branch  0 never executed
branch  1 never executed
branch  2 never executed
branch  3 never executed
        -: 1099:	    {
    #####: 1100:	      index = i;
    #####: 1101:	      break;
        -: 1102:	    }
        -: 1103:	}
    #####: 1104:      if (index > -1)
branch  0 never executed
branch  1 never executed
        -: 1105:	{
        -: 1106:	  //trash both treasure cards
    #####: 1107:	  discardCard(handPos, currentPlayer, state, 1);
call    0 never executed
    #####: 1108:	  discardCard(index, currentPlayer, state, 1);
call    0 never executed
        -: 1109:
        -: 1110:	  //gain 4 Gold cards
    #####: 1111:	  for (i = 0; i < 4; i++)
branch  0 never executed
branch  1 never executed
        -: 1112:	    {
    #####: 1113:	      gainCard(gold, state, 1, currentPlayer);
call    0 never executed
        -: 1114:	    }
        -: 1115:				
        -: 1116:	  //return success
    #####: 1117:	  return 1;
        -: 1118:	}
        -: 1119:			
        -: 1120:      //no second treasure_map found in hand
    #####: 1121:      return -1;
        -: 1122:    }
        -: 1123:	
    #####: 1124:  return -1;
        -: 1125:}
        -: 1126:
function discardCard called 6992 returned 100% blocks executed 89%
     6992: 1127:int discardCard(int handPos, int currentPlayer, struct gameState *state, int trashFlag)
        -: 1128:{
        -: 1129:
        -: 1130:  //if card is not trashed, added to Played pile 
     6992: 1131:  if (trashFlag < 1)
branch  0 taken 100% (fallthrough)
branch  1 taken 0%
        -: 1132:    {
        -: 1133:      //add card to played pile
     6992: 1134:      state->playedCards[state->playedCardCount] = state->hand[currentPlayer][handPos]; 
     6992: 1135:      state->playedCardCount++;
        -: 1136:      // add card to discard pile - SL BUG FIX 11.20.15 - Code inspired by Erik Ratclier
     6992: 1137:      state->discard[currentPlayer][state->discardCount[currentPlayer]++] = state->hand[currentPlayer][handPos];
        -: 1138:    }
        -: 1139:	
        -: 1140:  //set played card to -1
     6992: 1141:  state->hand[currentPlayer][handPos] = -1;
        -: 1142:	
        -: 1143:  //remove card from player's hand
     6992: 1144:  if ( handPos == (state->handCount[currentPlayer] - 1) ) 	//last card in hand array is played
branch  0 taken 11% (fallthrough)
branch  1 taken 89%
        -: 1145:    {
        -: 1146:      //reduce number of cards in hand
      743: 1147:      state->handCount[currentPlayer]--;
        -: 1148:    }
     6249: 1149:  else if ( state->handCount[currentPlayer] == 1 ) //only one card in hand
branch  0 taken 0% (fallthrough)
branch  1 taken 100%
        -: 1150:    {
        -: 1151:      //reduce number of cards in hand
    #####: 1152:      state->handCount[currentPlayer]--;
        -: 1153:    }
        -: 1154:  else 	
        -: 1155:    {
        -: 1156:      //replace discarded card with last card in hand
     6249: 1157:      state->hand[currentPlayer][handPos] = state->hand[currentPlayer][ (state->handCount[currentPlayer] - 1)];
        -: 1158:      //set last card to -1
     6249: 1159:      state->hand[currentPlayer][state->handCount[currentPlayer] - 1] = -1;
        -: 1160:      //reduce number of cards in hand
     6249: 1161:      state->handCount[currentPlayer]--;
        -: 1162:    }
        -: 1163:	
     6992: 1164:  return 0;
        -: 1165:}
        -: 1166:
function gainCard called 0 returned 0% blocks executed 0%
    #####: 1167:int gainCard(int supplyPos, struct gameState *state, int toFlag, int player)
        -: 1168:{
        -: 1169:  //Note: supplyPos is enum of choosen card
        -: 1170:	
        -: 1171:  //check if supply pile is empty (0) or card is not used in game (-1)
    #####: 1172:  if ( supplyCount(supplyPos, state) < 1 )
call    0 never executed
branch  1 never executed
branch  2 never executed
        -: 1173:    {
    #####: 1174:      return -1;
        -: 1175:    }
        -: 1176:	
        -: 1177:  //added card for [whoseTurn] current player:
        -: 1178:  // toFlag = 0 : add to discard
        -: 1179:  // toFlag = 1 : add to deck
        -: 1180:  // toFlag = 2 : add to hand
        -: 1181:
    #####: 1182:  if (toFlag == 1)
branch  0 never executed
branch  1 never executed
        -: 1183:    {
    #####: 1184:      state->deck[ player ][ state->deckCount[player] ] = supplyPos;
    #####: 1185:      state->deckCount[player]++;
        -: 1186:    }
    #####: 1187:  else if (toFlag == 2)
branch  0 never executed
branch  1 never executed
        -: 1188:    {
    #####: 1189:      state->hand[ player ][ state->handCount[player] ] = supplyPos;
    #####: 1190:      state->handCount[player]++;
        -: 1191:    }
        -: 1192:  else
        -: 1193:    {
    #####: 1194:      state->discard[player][ state->discardCount[player] ] = supplyPos;
    #####: 1195:      state->discardCount[player]++;
        -: 1196:    }
        -: 1197:	
        -: 1198:  //decrease number in supply pile
    #####: 1199:  state->supplyCount[supplyPos]--;
        -: 1200:	 
    #####: 1201:  return 0;
        -: 1202:}
        -: 1203:
function updateCoins called 2052 returned 100% blocks executed 82%
     2052: 1204:int updateCoins(int player, struct gameState *state, int bonus)
        -: 1205:{
        -: 1206:  int i;
        -: 1207:	
        -: 1208:  //reset coin count
     2052: 1209:  state->coins = 0;
        -: 1210:
        -: 1211:  //add coins for each Treasure card in player's hand
    12312: 1212:  for (i = 0; i < state->handCount[player]; i++)
branch  0 taken 83%
branch  1 taken 17% (fallthrough)
        -: 1213:    {
    10260: 1214:      if (state->hand[player][i] == copper)
branch  0 taken 82% (fallthrough)
branch  1 taken 18%
        -: 1215:	{
     8448: 1216:	  state->coins += 1;
        -: 1217:	}
     1812: 1218:      else if (state->hand[player][i] == silver)
branch  0 taken 0% (fallthrough)
branch  1 taken 100%
        -: 1219:	{
    #####: 1220:	  state->coins += 2;
        -: 1221:	}
     1812: 1222:      else if (state->hand[player][i] == gold)
branch  0 taken 0% (fallthrough)
branch  1 taken 100%
        -: 1223:	{
    #####: 1224:	  state->coins += 3;
        -: 1225:	}	
        -: 1226:    }	
        -: 1227:
        -: 1228:  //add bonus
     2052: 1229:  state->coins += bonus;
        -: 1230:
     2052: 1231:  return 0;
        -: 1232:}
        -: 1233:
        -: 1234:/**************************
        -: 1235:  action card functions   *
        -: 1236: *************************/
        -: 1237:
function smithyAction called 0 returned 0% blocks executed 0%
    #####: 1238:int smithyAction(int player, struct gameState *state, int handPos){
    #####: 1239:  int i = 0;
        -: 1240: //+3 Cards
    #####: 1241:  for (i = 0; i < 3; i++){
branch  0 never executed
branch  1 never executed
    #####: 1242:	  drawCard(player, state);
call    0 never executed
        -: 1243:	}
        -: 1244:			
        -: 1245:  //discard card from hand
    #####: 1246:  discardCard(handPos, player, state, 0);
call    0 never executed
        -: 1247:  
    #####: 1248:  return 0;
        -: 1249:}
        -: 1250:
function adventurerAction called 5703 returned 100% blocks executed 100%
     5703: 1251:int adventurerAction(int player, struct gameState *state, int temphand[], int handPos){
     5703: 1252:  int cardDrawn = 0;
     5703: 1253:  int z = 0;
     5703: 1254:  int drawntreasure = 0;
     5703: 1255:  int cycledCards=0;
     5703: 1256:  int result = 0;
        -: 1257:
    93851: 1258:  while(drawntreasure<2){
branch  0 taken 98%
branch  1 taken 2% (fallthrough)
    86042: 1259:    if (state->deckCount[player] <1){//if the deck is empty we need to shuffle discard and add to deck
branch  0 taken 4% (fallthrough)
branch  1 taken 96%
     3597: 1260:      result = shuffle(player, state);
call    0 returned 100%
        -: 1261:    }
        -: 1262:
        -: 1263:    //BUG FIX: SL 11/21/15 - exit condition for treasure finding loop
    86042: 1264:    if (result != -1){
branch  0 taken 96% (fallthrough)
branch  1 taken 4%
    82445: 1265:      drawCard(player, state);
call    0 returned 100%
    82445: 1266:      cycledCards++; //for debugging
    82445: 1267:      cardDrawn = state->hand[player][state->handCount[player] - 1];//top card of hand is most recently drawn card.
    82445: 1268:      if (cardDrawn == copper || cardDrawn == silver || cardDrawn == gold){
branch  0 taken 98% (fallthrough)
branch  1 taken 2%
branch  2 taken 98% (fallthrough)
branch  3 taken 2%
branch  4 taken 2% (fallthrough)
branch  5 taken 98%
     4212: 1269:        drawntreasure++;
        -: 1270:      }
        -: 1271:      else{
    78233: 1272:        temphand[z] = cardDrawn;
    78233: 1273:        state->handCount[player]--; //this should just remove the top card (the most recently drawn one).
    78233: 1274:        z++;
        -: 1275:      }
        -: 1276:    }else{
     3597: 1277:      break;
        -: 1278:    }
        -: 1279:  }
    89639: 1280:  while(z-1>=0){
branch  0 taken 93%
branch  1 taken 7% (fallthrough)
    78233: 1281:    state->discard[player][state->discardCount[player]++]=temphand[z-1]; // discard all cards in play that have been drawn
    78233: 1282:    z = z - 1;
        -: 1283:  }
     5703: 1284:  discardCard(handPos, player, state, 0);
call    0 returned 100%
     5703: 1285:  return cycledCards;
        -: 1286:}
        -: 1287:			
        -: 1288:
function councilAction called 1289 returned 100% blocks executed 100%
     1289: 1289:int councilAction(int player, struct gameState *state, int handPos){
     1289: 1290:  int i = 0;
        -: 1291:  //+4 Cards
     6445: 1292:  for (i = 0; i < 4; i++){
branch  0 taken 80%
branch  1 taken 20% (fallthrough)
     5156: 1293:	  drawCard(player, state);
call    0 returned 100%
        -: 1294:	}
        -: 1295:			
        -: 1296:  //+1 Buy
     1289: 1297:  state->numBuys++;
        -: 1298:    
        -: 1299:  //Each other player draws a card
     4278: 1300:  for (i = 0; i < state->numPlayers; i++){
branch  0 taken 70%
branch  1 taken 30% (fallthrough)
     2989: 1301:    if ( i != player ){
branch  0 taken 57% (fallthrough)
branch  1 taken 43%
     1700: 1302:      drawCard(i, state);
call    0 returned 100%
        -: 1303:    }
        -: 1304:  } 
        -: 1305:    
        -: 1306:  //put played card in played card pile
     1289: 1307:  discardCard(handPos, player, state, 0);
call    0 returned 100%
        -: 1308:  
     1289: 1309:  return 0;
        -: 1310:}
        -: 1311:
function villageAction called 0 returned 0% blocks executed 0%
    #####: 1312:int villageAction(int player, struct gameState *state, int handPos){
        -: 1313:      //+1 Card
    #####: 1314:      drawCard(player, state);
call    0 never executed
        -: 1315:			
        -: 1316:      //+2 Actions
    #####: 1317:      state->numActions = state->numActions+2;
        -: 1318:			
        -: 1319:      //discard played card from hand
    #####: 1320:      discardCard(handPos, player, state, 0);
call    0 never executed
    #####: 1321:      return 0;
        -: 1322:}
        -: 1323:
function baronAction called 0 returned 0% blocks executed 0%
    #####: 1324:int baronAction(int player, struct gameState *state, int choice1, int handPos){
    #####: 1325:  state->numBuys++;//Increase buys by 1!
        -: 1326:
    #####: 1327:  if (choice1 > 0){//Boolean true or going to discard an estate
branch  0 never executed
branch  1 never executed
    #####: 1328:    int p = 0;//Iterator for hand!
    #####: 1329:    int card_not_discarded = 1;//Flag for discard set!
        -: 1330:  
    #####: 1331:    while(card_not_discarded){
branch  0 never executed
branch  1 never executed
    #####: 1332:      if(state->hand[player][p] == estate){//Found an estate card!
branch  0 never executed
branch  1 never executed
    #####: 1333:        state->coins += 4;//Add 4 coins to the amount of coins
    #####: 1334:        state->discard[player][state->discardCount[player]] = state->hand[player][p];
    #####: 1335:        state->discardCount[player]++;
    #####: 1336:        for (;p < state->handCount[player]; p++){
branch  0 never executed
branch  1 never executed
    #####: 1337:          state->hand[player][p] = state->hand[player][p+1];
        -: 1338:        }
    #####: 1339:        state->hand[player][state->handCount[player]] = -1;
    #####: 1340:        state->handCount[player]--;
    #####: 1341:        card_not_discarded = 0;//Exit the loop
    #####: 1342:      }else if (p > state->handCount[player]){
branch  0 never executed
branch  1 never executed
        -: 1343:        if(DEBUG) {
        -: 1344:          printf("No estate cards in your hand, invalid choice\n");
        -: 1345:          printf("Must gain an estate if there are any\n");
        -: 1346:        }
    #####: 1347:        if (supplyCount(estate, state) > 0){
call    0 never executed
branch  1 never executed
branch  2 never executed
    #####: 1348:          gainCard(estate, state, 0, player);
call    0 never executed
    #####: 1349:          state->supplyCount[estate]--;//Decrement estates
    #####: 1350:          if (supplyCount(estate, state) == 0){
call    0 never executed
branch  1 never executed
branch  2 never executed
    #####: 1351:            isGameOver(state);
call    0 never executed
        -: 1352:          }
        -: 1353:        }
    #####: 1354:        card_not_discarded = 0;//Exit the loop
        -: 1355:      }      
        -: 1356:      else{
    #####: 1357:        p++;//Next card
        -: 1358:      }
        -: 1359:    }
        -: 1360:  //player decides not to discard an estate card
        -: 1361:  }else{
        -: 1362:    //if estate card pile is not empty, draw one
    #####: 1363:  	if (supplyCount(estate, state) > 0){
call    0 never executed
branch  1 never executed
branch  2 never executed
    #####: 1364:	    gainCard(estate, state, 0, player);//Gain an estate
call    0 never executed
    #####: 1365:	    state->supplyCount[estate]--;//Decrement Estates
        -: 1366:    }
        -: 1367:    //else if it is empty, 
    #####: 1368:	  if (supplyCount(estate, state) == 0){
call    0 never executed
branch  1 never executed
branch  2 never executed
    #####: 1369:	    isGameOver(state);
call    0 never executed
        -: 1370:	  }
        -: 1371:  }
        -: 1372:
    #####: 1373:  return 0;
        -: 1374:}
        -: 1375:
        -: 1376://end of dominion.c
        -: 1377:
