        -:    0:Source:dominion.c
        -:    0:Graph:dominion.gcno
        -:    0:Data:dominion.gcda
        -:    0:Runs:9
        -:    0:Programs:9
        -:    1:#include "dominion.h"
        -:    2:#include "dominion_helpers.h"
        -:    3:#include "rngs.h"
        -:    4:#include <stdio.h>
        -:    5:#include <math.h>
        -:    6:#include <stdlib.h>
        -:    7:
        3:    8:int compare(const void* a, const void* b) {
        3:    9:  if (*(int*)a > *(int*)b)
    #####:   10:    return 1;
        3:   11:  if (*(int*)a < *(int*)b)
        3:   12:    return -1;
    #####:   13:  return 0;
        -:   14:}
        -:   15:
    #####:   16:struct gameState* newGame() {
    #####:   17:  struct gameState* g = malloc(sizeof(struct gameState));
    #####:   18:  return g;
        -:   19:}
        -:   20:
        1:   21:int* kingdomCards(int k1, int k2, int k3, int k4, int k5, int k6, int k7,
        -:   22:		  int k8, int k9, int k10) {
        1:   23:  int* k = malloc(10 * sizeof(int));
        1:   24:  k[0] = k1;
        1:   25:  k[1] = k2;
        1:   26:  k[2] = k3;
        1:   27:  k[3] = k4;
        1:   28:  k[4] = k5;
        1:   29:  k[5] = k6;
        1:   30:  k[6] = k7;
        1:   31:  k[7] = k8;
        1:   32:  k[8] = k9;
        1:   33:  k[9] = k10;
        1:   34:  return k;
        -:   35:}
        -:   36:
    #####:   37:int initializeGame(int numPlayers, int kingdomCards[10], int randomSeed,
        -:   38:		   struct gameState *state) {
        -:   39:
        -:   40:  int i;
        -:   41:  int j;
        -:   42:  int it;			
        -:   43:  //set up random number generator
    #####:   44:  SelectStream(1);
    #####:   45:  PutSeed((long)randomSeed);
        -:   46:  
        -:   47:  //check number of players
    #####:   48:  if (numPlayers > MAX_PLAYERS || numPlayers < 2)
        -:   49:    {
    #####:   50:      return -1;
        -:   51:    }
        -:   52:
        -:   53:  //set number of players
    #####:   54:  state->numPlayers = numPlayers;
        -:   55:
        -:   56:  //check selected kingdom cards are different
    #####:   57:  for (i = 0; i < 10; i++)
        -:   58:    {
    #####:   59:      for (j = 0; j < 10; j++)
        -:   60:        {
    #####:   61:	  if (j != i && kingdomCards[j] == kingdomCards[i])
        -:   62:	    {
    #####:   63:	      return -1;
        -:   64:	    }
        -:   65:        }
        -:   66:    }
        -:   67:
        -:   68:
        -:   69:  //initialize supply
        -:   70:  ///////////////////////////////
        -:   71:
        -:   72:  //set number of Curse cards
    #####:   73:  if (numPlayers == 2)
        -:   74:    {
    #####:   75:      state->supplyCount[curse] = 10;
        -:   76:    }
    #####:   77:  else if (numPlayers == 3)
        -:   78:    {
    #####:   79:      state->supplyCount[curse] = 20;
        -:   80:    }
        -:   81:  else
        -:   82:    {
    #####:   83:      state->supplyCount[curse] = 30;
        -:   84:    }
        -:   85:
        -:   86:  //set number of Victory cards
    #####:   87:  if (numPlayers == 2)
        -:   88:    {
    #####:   89:      state->supplyCount[estate] = 8;
    #####:   90:      state->supplyCount[duchy] = 8;
    #####:   91:      state->supplyCount[province] = 8;
        -:   92:    }
        -:   93:  else
        -:   94:    {
    #####:   95:      state->supplyCount[estate] = 12;
    #####:   96:      state->supplyCount[duchy] = 12;
    #####:   97:      state->supplyCount[province] = 12;
        -:   98:    }
        -:   99:
        -:  100:  //set number of Treasure cards
    #####:  101:  state->supplyCount[copper] = 60 - (7 * numPlayers);
    #####:  102:  state->supplyCount[silver] = 40;
    #####:  103:  state->supplyCount[gold] = 30;
        -:  104:
        -:  105:  //set number of Kingdom cards
    #####:  106:  for (i = adventurer; i <= treasure_map; i++)       	//loop all cards
        -:  107:    {
    #####:  108:      for (j = 0; j < 10; j++)           		//loop chosen cards
        -:  109:	{
    #####:  110:	  if (kingdomCards[j] == i)
        -:  111:	    {
        -:  112:	      //check if card is a 'Victory' Kingdom card
    #####:  113:	      if (kingdomCards[j] == great_hall || kingdomCards[j] == gardens)
        -:  114:		{
    #####:  115:		  if (numPlayers == 2){ 
    #####:  116:		    state->supplyCount[i] = 8; 
        -:  117:		  }
    #####:  118:		  else{ state->supplyCount[i] = 12; }
        -:  119:		}
        -:  120:	      else
        -:  121:		{
    #####:  122:		  state->supplyCount[i] = 10;
        -:  123:		}
    #####:  124:	      break;
        -:  125:	    }
        -:  126:	  else    //card is not in the set choosen for the game
        -:  127:	    {
    #####:  128:	      state->supplyCount[i] = -1;
        -:  129:	    }
        -:  130:	}
        -:  131:
        -:  132:    }
        -:  133:
        -:  134:  ////////////////////////
        -:  135:  //supply intilization complete
        -:  136:
        -:  137:  //set player decks
    #####:  138:  for (i = 0; i < numPlayers; i++)
        -:  139:    {
    #####:  140:      state->deckCount[i] = 0;
    #####:  141:      for (j = 0; j < 3; j++)
        -:  142:	{
    #####:  143:	  state->deck[i][j] = estate;
    #####:  144:	  state->deckCount[i]++;
        -:  145:	}
    #####:  146:      for (j = 3; j < 10; j++)
        -:  147:	{
    #####:  148:	  state->deck[i][j] = copper;
    #####:  149:	  state->deckCount[i]++;		
        -:  150:	}
        -:  151:    }
        -:  152:
        -:  153:  //shuffle player decks
    #####:  154:  for (i = 0; i < numPlayers; i++)
        -:  155:    {
    #####:  156:      if ( shuffle(i, state) < 0 )
        -:  157:	{
    #####:  158:	  return -1;
        -:  159:	}
        -:  160:    }
        -:  161:
        -:  162:  //draw player hands
    #####:  163:  for (i = 0; i < numPlayers; i++)
        -:  164:    {  
        -:  165:      //initialize hand size to zero
    #####:  166:      state->handCount[i] = 0;
    #####:  167:      state->discardCount[i] = 0;
        -:  168:      //draw 5 cards
        -:  169:      // for (j = 0; j < 5; j++)
        -:  170:      //	{
        -:  171:      //	  drawCard(i, state);
        -:  172:      //	}
        -:  173:    }
        -:  174:  
        -:  175:  //set embargo tokens to 0 for all supply piles
    #####:  176:  for (i = 0; i <= treasure_map; i++)
        -:  177:    {
    #####:  178:      state->embargoTokens[i] = 0;
        -:  179:    }
        -:  180:
        -:  181:  //initialize first player's turn
    #####:  182:  state->outpostPlayed = 0;
    #####:  183:  state->phase = 0;
    #####:  184:  state->numActions = 1;
    #####:  185:  state->numBuys = 1;
    #####:  186:  state->playedCardCount = 0;
    #####:  187:  state->whoseTurn = 0;
    #####:  188:  state->handCount[state->whoseTurn] = 0;
        -:  189:  //int it; move to top
        -:  190:
        -:  191:  //Moved draw cards to here, only drawing at the start of a turn
    #####:  192:  for (it = 0; it < 5; it++){
    #####:  193:    drawCard(state->whoseTurn, state);
        -:  194:  }
        -:  195:
    #####:  196:  updateCoins(state->whoseTurn, state, 0);
        -:  197:
    #####:  198:  return 0;
        -:  199:}
        -:  200:
       22:  201:int shuffle(int player, struct gameState *state) {
        -:  202: 
        -:  203:
        -:  204:  int newDeck[MAX_DECK];
       22:  205:  int newDeckPos = 0;
        -:  206:  int card;
        -:  207:  int i;
        -:  208:
       22:  209:  if (state->deckCount[player] < 1)
       18:  210:    return -1;
        4:  211:  qsort ((void*)(state->deck[player]), state->deckCount[player], sizeof(int), compare); 
        -:  212:  /* SORT CARDS IN DECK TO ENSURE DETERMINISM! */
        -:  213:
       15:  214:  while (state->deckCount[player] > 0) {
        7:  215:    card = floor(Random() * state->deckCount[player]);
        7:  216:    newDeck[newDeckPos] = state->deck[player][card];
        7:  217:    newDeckPos++;
       10:  218:    for (i = card; i < state->deckCount[player]-1; i++) {
        3:  219:      state->deck[player][i] = state->deck[player][i+1];
        -:  220:    }
        7:  221:    state->deckCount[player]--;
        -:  222:  }
       11:  223:  for (i = 0; i < newDeckPos; i++) {
        7:  224:    state->deck[player][i] = newDeck[i];
        7:  225:    state->deckCount[player]++;
        -:  226:  }
        -:  227:
        4:  228:  return 0;
        -:  229:}
        -:  230:
    #####:  231:int playCard(int handPos, int choice1, int choice2, int choice3, struct gameState *state) 
        -:  232:{	
        -:  233:  int card;
    #####:  234:  int coin_bonus = 0; 		//tracks coins gain from actions
        -:  235:
        -:  236:  //check if it is the right phase
    #####:  237:  if (state->phase != 0)
        -:  238:    {
    #####:  239:      return -1;
        -:  240:    }
        -:  241:	
        -:  242:  //check if player has enough actions
    #####:  243:  if ( state->numActions < 1 )
        -:  244:    {
    #####:  245:      return -1;
        -:  246:    }
        -:  247:	
        -:  248:  //get card played
    #####:  249:  card = handCard(handPos, state);
        -:  250:	
        -:  251:  //check if selected card is an action
    #####:  252:  if ( card < adventurer || card > treasure_map )
        -:  253:    {
    #####:  254:      return -1;
        -:  255:    }
        -:  256:	
        -:  257:  //play card
    #####:  258:  if ( cardEffect(card, choice1, choice2, choice3, state, handPos, &coin_bonus) < 0 )
        -:  259:    {
    #####:  260:      return -1;
        -:  261:    }
        -:  262:	
        -:  263:  //reduce number of actions
    #####:  264:  state->numActions--;
        -:  265:
        -:  266:  //update coins (Treasure cards may be added with card draws)
    #####:  267:  updateCoins(state->whoseTurn, state, coin_bonus);
        -:  268:	
    #####:  269:  return 0;
        -:  270:}
        -:  271:
    #####:  272:int buyCard(int supplyPos, struct gameState *state) {
        -:  273:  int who;
        -:  274:  if (DEBUG){
        -:  275:    printf("Entering buyCard...\n");
        -:  276:  }
        -:  277:
        -:  278:  // I don't know what to do about the phase thing.
        -:  279:
    #####:  280:  who = state->whoseTurn;
        -:  281:
    #####:  282:  if (state->numBuys < 1){
        -:  283:    if (DEBUG)
        -:  284:      printf("You do not have any buys left\n");
    #####:  285:    return -1;
    #####:  286:  } else if (supplyCount(supplyPos, state) <1){
        -:  287:    if (DEBUG)
        -:  288:      printf("There are not any of that type of card left\n");
    #####:  289:    return -1;
    #####:  290:  } else if (state->coins < getCost(supplyPos)){
        -:  291:    if (DEBUG) 
        -:  292:      printf("You do not have enough money to buy that. You have %d coins.\n", state->coins);
    #####:  293:    return -1;
        -:  294:  } else {
    #####:  295:    state->phase=1;
        -:  296:    //state->supplyCount[supplyPos]--;
    #####:  297:    gainCard(supplyPos, state, 0, who); //card goes in discard, this might be wrong.. (2 means goes into hand, 0 goes into discard)
        -:  298:  
    #####:  299:    state->coins = (state->coins) - (getCost(supplyPos));
    #####:  300:    state->numBuys--;
        -:  301:    if (DEBUG)
        -:  302:      printf("You bought card number %d for %d coins. You now have %d buys and %d coins.\n", supplyPos, getCost(supplyPos), state->numBuys, state->coins);
        -:  303:  }
        -:  304:
        -:  305:  //state->discard[who][state->discardCount[who]] = supplyPos;
        -:  306:  //state->discardCount[who]++;
        -:  307:    
    #####:  308:  return 0;
        -:  309:}
        -:  310:
    #####:  311:int numHandCards(struct gameState *state) {
    #####:  312:  return state->handCount[ whoseTurn(state) ];
        -:  313:}
        -:  314:
    #####:  315:int handCard(int handPos, struct gameState *state) {
    #####:  316:  int currentPlayer = whoseTurn(state);
    #####:  317:  return state->hand[currentPlayer][handPos];
        -:  318:}
        -:  319:
    #####:  320:int supplyCount(int card, struct gameState *state) {
    #####:  321:  return state->supplyCount[card];
        -:  322:}
        -:  323:
    #####:  324:int fullDeckCount(int player, int card, struct gameState *state) {
        -:  325:  int i;
    #####:  326:  int count = 0;
        -:  327:
    #####:  328:  for (i = 0; i < state->deckCount[player]; i++)
        -:  329:    {
    #####:  330:      if (state->deck[player][i] == card) count++;
        -:  331:    }
        -:  332:
    #####:  333:  for (i = 0; i < state->handCount[player]; i++)
        -:  334:    {
    #####:  335:      if (state->hand[player][i] == card) count++;
        -:  336:    }
        -:  337:
    #####:  338:  for (i = 0; i < state->discardCount[player]; i++)
        -:  339:    {
    #####:  340:      if (state->discard[player][i] == card) count++;
        -:  341:    }
        -:  342:
    #####:  343:  return count;
        -:  344:}
        -:  345:
        6:  346:int whoseTurn(struct gameState *state) {
        6:  347:  return state->whoseTurn;
        -:  348:}
        -:  349:
    #####:  350:int endTurn(struct gameState *state) {
        -:  351:  int k;
        -:  352:  int i;
    #####:  353:  int currentPlayer = whoseTurn(state);
        -:  354:  
        -:  355:  //Discard hand
    #####:  356:  for (i = 0; i < state->handCount[currentPlayer]; i++){
    #####:  357:    state->discard[currentPlayer][state->discardCount[currentPlayer]++] = state->hand[currentPlayer][i];//Discard
    #####:  358:    state->hand[currentPlayer][i] = -1;//Set card to -1
        -:  359:  }
    #####:  360:  state->handCount[currentPlayer] = 0;//Reset hand count
        -:  361:    
        -:  362:  //Code for determining the player
    #####:  363:  if (currentPlayer < (state->numPlayers - 1)){ 
    #####:  364:    state->whoseTurn = currentPlayer + 1;//Still safe to increment
        -:  365:  }
        -:  366:  else{
    #####:  367:    state->whoseTurn = 0;//Max player has been reached, loop back around to player 1
        -:  368:  }
        -:  369:
    #####:  370:  state->outpostPlayed = 0;
    #####:  371:  state->phase = 0;
    #####:  372:  state->numActions = 1;
    #####:  373:  state->coins = 0;
    #####:  374:  state->numBuys = 1;
    #####:  375:  state->playedCardCount = 0;
    #####:  376:  state->handCount[state->whoseTurn] = 0;
        -:  377:
        -:  378:  //int k; move to top
        -:  379:  //Next player draws hand
    #####:  380:  for (k = 0; k < 5; k++){
    #####:  381:    drawCard(state->whoseTurn, state);//Draw a card
        -:  382:  }
        -:  383:
        -:  384:  //Update money
    #####:  385:  updateCoins(state->whoseTurn, state , 0);
        -:  386:
    #####:  387:  return 0;
        -:  388:}
        -:  389:
        3:  390:int isGameOver(struct gameState *state) {
        -:  391:  int i;
        -:  392:  int j;
        -:  393:	
        -:  394:  //if stack of Province cards is empty, the game ends
        3:  395:  if (state->supplyCount[province] == 0)
        -:  396:    {
        2:  397:      return 1;
        -:  398:    }
        -:  399:
        -:  400:  //if three supply pile are at 0, the game ends
        1:  401:  j = 0;
       26:  402:  for (i = 0; i < 25; i++)
        -:  403:    {
       25:  404:      if (state->supplyCount[i] == 0)
        -:  405:	{
    #####:  406:	  j++;
        -:  407:	}
        -:  408:    }
        1:  409:  if ( j >= 3)
        -:  410:    {
    #####:  411:      return 1;
        -:  412:    }
        -:  413:
        1:  414:  return 0;
        -:  415:}
        -:  416:
        1:  417:int scoreFor (int player, struct gameState *state) {
        -:  418:
        -:  419:  int i;
        1:  420:  int score = 0;
        -:  421:  //score from hand
        4:  422:  for (i = 0; i < state->handCount[player]; i++)
        -:  423:    {
        3:  424:      if (state->hand[player][i] == curse) { score = score - 1; };
        3:  425:      if (state->hand[player][i] == estate) { score = score + 1; };
        3:  426:      if (state->hand[player][i] == duchy) { score = score + 3; };
        3:  427:      if (state->hand[player][i] == province) { score = score + 6; };
        3:  428:      if (state->hand[player][i] == great_hall) { score = score + 1; };
        3:  429:      if (state->hand[player][i] == gardens) { score = score + ( fullDeckCount(player, 0, state) / 10 ); };
        -:  430:    }
        -:  431:
        -:  432:  //score from discard
        3:  433:  for (i = 0; i < state->discardCount[player]; i++)
        -:  434:    {
        2:  435:      if (state->discard[player][i] == curse) { score = score - 1; };
        2:  436:      if (state->discard[player][i] == estate) { score = score + 1; };
        2:  437:      if (state->discard[player][i] == duchy) { score = score + 3; };
        2:  438:      if (state->discard[player][i] == province) { score = score + 6; };
        2:  439:      if (state->discard[player][i] == great_hall) { score = score + 1; };
        2:  440:      if (state->discard[player][i] == gardens) { score = score + ( fullDeckCount(player, 0, state) / 10 ); };
        -:  441:    }
        -:  442:
        -:  443:  //score from deck
        3:  444:  for (i = 0; i < state->discardCount[player]; i++)
        -:  445:    {
        2:  446:      if (state->deck[player][i] == curse) { score = score - 1; };
        2:  447:      if (state->deck[player][i] == estate) { score = score + 1; };
        2:  448:      if (state->deck[player][i] == duchy) { score = score + 3; };
        2:  449:      if (state->deck[player][i] == province) { score = score + 6; };
        2:  450:      if (state->deck[player][i] == great_hall) { score = score + 1; };
        2:  451:      if (state->deck[player][i] == gardens) { score = score + ( fullDeckCount(player, 0, state) / 10 ); };
        -:  452:    }
        -:  453:
        1:  454:  return score;
        -:  455:}
        -:  456:
    #####:  457:int getWinners(int players[MAX_PLAYERS], struct gameState *state) {
        -:  458:  int i;	
        -:  459:  int j;
        -:  460:  int highScore;
        -:  461:  int currentPlayer;
        -:  462:
        -:  463:  //get score for each player
    #####:  464:  for (i = 0; i < MAX_PLAYERS; i++)
        -:  465:    {
        -:  466:      //set unused player scores to -9999
    #####:  467:      if (i >= state->numPlayers)
        -:  468:	{
    #####:  469:	  players[i] = -9999;
        -:  470:	}
        -:  471:      else
        -:  472:	{
    #####:  473:	  players[i] = scoreFor (i, state);
        -:  474:	}
        -:  475:    }
        -:  476:
        -:  477:  //find highest score
    #####:  478:  j = 0;
    #####:  479:  for (i = 0; i < MAX_PLAYERS; i++)
        -:  480:    {
    #####:  481:      if (players[i] > players[j])
        -:  482:	{
    #####:  483:	  j = i;
        -:  484:	}
        -:  485:    }
    #####:  486:  highScore = players[j];
        -:  487:
        -:  488:  //add 1 to players who had less turns
    #####:  489:  currentPlayer = whoseTurn(state);
    #####:  490:  for (i = 0; i < MAX_PLAYERS; i++)
        -:  491:    {
    #####:  492:      if ( players[i] == highScore && i > currentPlayer )
        -:  493:	{
    #####:  494:	  players[i]++;
        -:  495:	}
        -:  496:    }
        -:  497:
        -:  498:  //find new highest score
    #####:  499:  j = 0;
    #####:  500:  for (i = 0; i < MAX_PLAYERS; i++)
        -:  501:    {
    #####:  502:      if ( players[i] > players[j] )
        -:  503:	{
    #####:  504:	  j = i;
        -:  505:	}
        -:  506:    }
    #####:  507:  highScore = players[j];
        -:  508:
        -:  509:  //set winners in array to 1 and rest to 0
    #####:  510:  for (i = 0; i < MAX_PLAYERS; i++)
        -:  511:    {
    #####:  512:      if ( players[i] == highScore )
        -:  513:	{
    #####:  514:	  players[i] = 1;
        -:  515:	}
        -:  516:      else
        -:  517:	{
    #####:  518:	  players[i] = 0;
        -:  519:	}
        -:  520:    }
        -:  521:
    #####:  522:  return 0;
        -:  523:}
        -:  524:
       38:  525:int drawCard(int player, struct gameState *state)
        -:  526:{	int count;
        -:  527:  int deckCounter;
       38:  528:  if (state->deckCount[player] <= 0){//Deck is empty
        -:  529:    
        -:  530:    //Step 1 Shuffle the discard pile back into a deck
        -:  531:    int i;
        -:  532:    //Move discard to deck
       20:  533:    for (i = 0; i < state->discardCount[player];i++){
        7:  534:      state->deck[player][i] = state->discard[player][i];
        7:  535:      state->discard[player][i] = -1;
        -:  536:    }
        -:  537:
       13:  538:    state->deckCount[player] = state->discardCount[player];
       13:  539:    state->discardCount[player] = 0;//Reset discard
        -:  540:
        -:  541:    //Shufffle the deck
       13:  542:    shuffle(player, state);//Shuffle the deck up and make it so that we can draw
        -:  543:   
        -:  544:    if (DEBUG){//Debug statements
        -:  545:      printf("Deck count now: %d\n", state->deckCount[player]);
        -:  546:    }
        -:  547:    
       13:  548:    state->discardCount[player] = 0;
        -:  549:
        -:  550:    //Step 2 Draw Card
       13:  551:    count = state->handCount[player];//Get current player's hand count
        -:  552:    
        -:  553:    if (DEBUG){//Debug statements
        -:  554:      printf("Current hand count: %d\n", count);
        -:  555:    }
        -:  556:    
       13:  557:    deckCounter = state->deckCount[player];//Create a holder for the deck count
        -:  558:
       13:  559:    if (deckCounter == 0)
        9:  560:      return -1;
        -:  561:
        4:  562:    state->hand[player][count] = state->deck[player][deckCounter - 1];//Add card to hand
        4:  563:    state->deckCount[player]--;
        4:  564:    state->handCount[player]++;//Increment hand count
        -:  565:  }
        -:  566:
        -:  567:  else{
       25:  568:    int count = state->handCount[player];//Get current hand count for player
        -:  569:    int deckCounter;
        -:  570:    if (DEBUG){//Debug statements
        -:  571:      printf("Current hand count: %d\n", count);
        -:  572:    }
        -:  573:
       25:  574:    deckCounter = state->deckCount[player];//Create holder for the deck count
       25:  575:    state->hand[player][count] = state->deck[player][deckCounter - 1];//Add card to the hand
       25:  576:    state->deckCount[player]--;
       25:  577:    state->handCount[player]++;//Increment hand count
        -:  578:  }
        -:  579:
       29:  580:  return 0;
        -:  581:}
        -:  582:
    #####:  583:int getCost(int cardNumber)
        -:  584:{
    #####:  585:  switch( cardNumber ) 
        -:  586:    {
        -:  587:    case curse:
    #####:  588:      return 0;
        -:  589:    case estate:
    #####:  590:      return 2;
        -:  591:    case duchy:
    #####:  592:      return 5;
        -:  593:    case province:
    #####:  594:      return 8;
        -:  595:    case copper:
    #####:  596:      return 0;
        -:  597:    case silver:
    #####:  598:      return 3;
        -:  599:    case gold:
    #####:  600:      return 6;
        -:  601:    case adventurer:
    #####:  602:      return 6;
        -:  603:    case council_room:
    #####:  604:      return 5;
        -:  605:    case feast:
    #####:  606:      return 4;
        -:  607:    case gardens:
    #####:  608:      return 4;
        -:  609:    case mine:
    #####:  610:      return 5;
        -:  611:    case remodel:
    #####:  612:      return 4;
        -:  613:    case smithy:
    #####:  614:      return 4;
        -:  615:    case village:
    #####:  616:      return 3;
        -:  617:    case baron:
    #####:  618:      return 4;
        -:  619:    case great_hall:
    #####:  620:      return 3;
        -:  621:    case minion:
    #####:  622:      return 5;
        -:  623:    case steward:
    #####:  624:      return 3;
        -:  625:    case tribute:
    #####:  626:      return 5;
        -:  627:    case ambassador:
    #####:  628:      return 3;
        -:  629:    case cutpurse:
    #####:  630:      return 4;
        -:  631:    case embargo: 
    #####:  632:      return 2;
        -:  633:    case outpost:
    #####:  634:      return 5;
        -:  635:    case salvager:
    #####:  636:      return 4;
        -:  637:    case sea_hag:
    #####:  638:      return 4;
        -:  639:    case treasure_map:
    #####:  640:      return 4;
        -:  641:    }
        -:  642:	
    #####:  643:  return -1;
        -:  644:}
        -:  645:
        6:  646:int cardEffect(int card, int choice1, int choice2, int choice3, struct gameState *state, int handPos, int *bonus)
        -:  647:{
        -:  648:  int i;
        -:  649:  int j;
        -:  650:  int k;
        -:  651:  int x;
        -:  652:  int index;
        6:  653:  int currentPlayer = whoseTurn(state);
        6:  654:  int nextPlayer = currentPlayer + 1;
        -:  655:
        6:  656:  int tributeRevealedCards[2] = {-1, -1};
        -:  657:  int temphand[MAX_HAND];// moved above the if statement
        6:  658:  int drawntreasure=0;
        -:  659:  int cardDrawn;
        6:  660:  int z = 0;// this is the counter for the temp hand
        6:  661:  if (nextPlayer > (state->numPlayers - 1)){
    #####:  662:    nextPlayer = 0;
        -:  663:  }
        -:  664:  
        -:  665:	
        -:  666:  //uses switch to select card and perform actions
        6:  667:  switch( card ) 
        -:  668:    {
        -:  669:    case adventurer:
        4:  670:		adventurerFunct(drawntreasure, state, currentPlayer, cardDrawn, temphand, z);
        4:  671:      return 0;
        -:  672:			
        -:  673:    case council_room:
        -:  674:      //+4 Cards
    #####:  675:      for (i = 0; i < 4; i++)
        -:  676:	{
    #####:  677:	  drawCard(currentPlayer, state);
        -:  678:	}
        -:  679:			
        -:  680:      //+1 Buy
    #####:  681:      state->numBuys++;
        -:  682:			
        -:  683:      //Each other player draws a card
    #####:  684:      for (i = 0; i < state->numPlayers; i++)
        -:  685:	{
    #####:  686:	  if ( i != currentPlayer )
        -:  687:	    {
    #####:  688:	      drawCard(i, state);
        -:  689:	    }
        -:  690:	}
        -:  691:			
        -:  692:      //put played card in played card pile
    #####:  693:      discardCard(handPos, currentPlayer, state, 0);
        -:  694:			
    #####:  695:      return 0;
        -:  696:			
        -:  697:    case feast:
        -:  698:      //gain card with cost up to 5
        -:  699:      //Backup hand
    #####:  700:      for (i = 0; i <= state->handCount[currentPlayer]; i++){
    #####:  701:	temphand[i] = state->hand[currentPlayer][i];//Backup card
    #####:  702:	state->hand[currentPlayer][i] = -1;//Set to nothing
        -:  703:      }
        -:  704:      //Backup hand
        -:  705:
        -:  706:      //Update Coins for Buy
    #####:  707:      updateCoins(currentPlayer, state, 5);
    #####:  708:      x = 1;//Condition to loop on
    #####:  709:      while( x == 1) {//Buy one card
    #####:  710:	if (supplyCount(choice1, state) <= 0){
        -:  711:	  if (DEBUG)
        -:  712:	    printf("None of that card left, sorry!\n");
        -:  713:
        -:  714:	  if (DEBUG){
        -:  715:	    printf("Cards Left: %d\n", supplyCount(choice1, state));
        -:  716:	  }
        -:  717:	}
    #####:  718:	else if (state->coins < getCost(choice1)){
    #####:  719:	  printf("That card is too expensive!\n");
        -:  720:
        -:  721:	  if (DEBUG){
        -:  722:	    printf("Coins: %d < %d\n", state->coins, getCost(choice1));
        -:  723:	  }
        -:  724:	}
        -:  725:	else{
        -:  726:
        -:  727:	  if (DEBUG){
        -:  728:	    printf("Deck Count: %d\n", state->handCount[currentPlayer] + state->deckCount[currentPlayer] + state->discardCount[currentPlayer]);
        -:  729:	  }
        -:  730:
    #####:  731:	  gainCard(choice1, state, 0, currentPlayer);//Gain the card
    #####:  732:	  x = 0;//No more buying cards
        -:  733:
        -:  734:	  if (DEBUG){
        -:  735:	    printf("Deck Count: %d\n", state->handCount[currentPlayer] + state->deckCount[currentPlayer] + state->discardCount[currentPlayer]);
        -:  736:	  }
        -:  737:
        -:  738:	}
        -:  739:      }     
        -:  740:
        -:  741:      //Reset Hand
    #####:  742:      for (i = 0; i <= state->handCount[currentPlayer]; i++){
    #####:  743:	state->hand[currentPlayer][i] = temphand[i];
    #####:  744:	temphand[i] = -1;
        -:  745:      }
        -:  746:      //Reset Hand
        -:  747:      			
    #####:  748:      return 0;
        -:  749:			
        -:  750:    case gardens:
    #####:  751:      return -1;
        -:  752:			
        -:  753:    case mine:
    #####:  754:      j = state->hand[currentPlayer][choice1];  //store card we will trash
        -:  755:
    #####:  756:      if (state->hand[currentPlayer][choice1] < copper || state->hand[currentPlayer][choice1] > gold)
        -:  757:	{
    #####:  758:	  return -1;
        -:  759:	}
        -:  760:		
    #####:  761:      if (choice2 > treasure_map || choice2 < curse)
        -:  762:	{
    #####:  763:	  return -1;
        -:  764:	}
        -:  765:
    #####:  766:      if ( (getCost(state->hand[currentPlayer][choice1]) + 3) > getCost(choice2) )
        -:  767:	{
    #####:  768:	  return -1;
        -:  769:	}
        -:  770:
    #####:  771:      gainCard(choice2, state, 2, currentPlayer);
        -:  772:
        -:  773:      //discard card from hand
    #####:  774:      discardCard(handPos, currentPlayer, state, 0);
        -:  775:
        -:  776:      //discard trashed card
    #####:  777:      for (i = 0; i < state->handCount[currentPlayer]; i++)
        -:  778:	{
    #####:  779:	  if (state->hand[currentPlayer][i] == j)
        -:  780:	    {
    #####:  781:	      discardCard(i, currentPlayer, state, 0);			
    #####:  782:	      break;
        -:  783:	    }
        -:  784:	}
        -:  785:			
    #####:  786:      return 0;
        -:  787:			
        -:  788:    case remodel:
    #####:  789:      j = state->hand[currentPlayer][choice1];  //store card we will trash
        -:  790:
    #####:  791:      if ( (getCost(state->hand[currentPlayer][choice1]) + 2) > getCost(choice2) )
        -:  792:	{
    #####:  793:	  return -1;
        -:  794:	}
        -:  795:
    #####:  796:      gainCard(choice2, state, 0, currentPlayer);
        -:  797:
        -:  798:      //discard card from hand
    #####:  799:      discardCard(handPos, currentPlayer, state, 0);
        -:  800:
        -:  801:      //discard trashed card
    #####:  802:      for (i = 0; i < state->handCount[currentPlayer]; i++)
        -:  803:	{
    #####:  804:	  if (state->hand[currentPlayer][i] == j)
        -:  805:	    {
    #####:  806:	      discardCard(i, currentPlayer, state, 0);			
    #####:  807:	      break;
        -:  808:	    }
        -:  809:	}
        -:  810:
        -:  811:
    #####:  812:      return 0;
        -:  813:		
        -:  814:    case smithy:
        2:  815:		smithyFunct(handPos, currentPlayer, state);
        -:  816:
        2:  817:      return 0;
        -:  818:		
        -:  819:    case village:
        -:  820:      //+1 Card
    #####:  821:      drawCard(currentPlayer, state);
        -:  822:			
        -:  823:      //+2 Actions
    #####:  824:      state->numActions = state->numActions + 2;
        -:  825:			
        -:  826:      //discard played card from hand
    #####:  827:      discardCard(handPos, currentPlayer, state, 0);
    #####:  828:      return 0;
        -:  829:		
        -:  830:    case baron:
    #####:  831:      state->numBuys++;//Increase buys by 1!
    #####:  832:      if (choice1 > 0){//Boolean true or going to discard an estate
    #####:  833:	int p = 0;//Iterator for hand!
    #####:  834:	int card_not_discarded = 1;//Flag for discard set!
    #####:  835:	while(card_not_discarded){
    #####:  836:	  if (state->hand[currentPlayer][p] == estate){//Found an estate card!
    #####:  837:	    state->coins += 4;//Add 4 coins to the amount of coins
    #####:  838:	    state->discard[currentPlayer][state->discardCount[currentPlayer]] = state->hand[currentPlayer][p];
    #####:  839:	    state->discardCount[currentPlayer]++;
    #####:  840:	    for (;p < state->handCount[currentPlayer]; p++){
    #####:  841:	      state->hand[currentPlayer][p] = state->hand[currentPlayer][p+1];
        -:  842:	    }
    #####:  843:	    state->hand[currentPlayer][state->handCount[currentPlayer]] = -1;
    #####:  844:	    state->handCount[currentPlayer]--;
    #####:  845:	    card_not_discarded = 0;//Exit the loop
        -:  846:	  }
    #####:  847:	  else if (p > state->handCount[currentPlayer]){
        -:  848:	    if(DEBUG) {
        -:  849:	      printf("No estate cards in your hand, invalid choice\n");
        -:  850:	      printf("Must gain an estate if there are any\n");
        -:  851:	    }
    #####:  852:	    if (supplyCount(estate, state) > 0){
    #####:  853:	      gainCard(estate, state, 0, currentPlayer);
    #####:  854:	      state->supplyCount[estate]--;//Decrement estates
    #####:  855:	      if (supplyCount(estate, state) == 0){
    #####:  856:		isGameOver(state);
        -:  857:	      }
        -:  858:	    }
    #####:  859:	    card_not_discarded = 0;//Exit the loop
        -:  860:	  }
        -:  861:			    
        -:  862:	  else{
    #####:  863:	    p++;//Next card
        -:  864:	  }
        -:  865:	}
        -:  866:      }
        -:  867:			    
        -:  868:      else{
    #####:  869:	if (supplyCount(estate, state) > 0){
    #####:  870:	  gainCard(estate, state, 0, currentPlayer);//Gain an estate
    #####:  871:	  state->supplyCount[estate]--;//Decrement Estates
    #####:  872:	  if (supplyCount(estate, state) == 0){
    #####:  873:	    isGameOver(state);
        -:  874:	  }
        -:  875:	}
        -:  876:      }
        -:  877:	    
        -:  878:      
    #####:  879:      return 0;
        -:  880:		
        -:  881:    case great_hall:
    #####:  882:		greathallFunct(currentPlayer, state, handPos);
    #####:  883:      return 0;
        -:  884:		
        -:  885:    case minion:
        -:  886:      //+1 action
    #####:  887:      state->numActions++;
        -:  888:			
        -:  889:      //discard card from hand
    #####:  890:      discardCard(handPos, currentPlayer, state, 0);
        -:  891:			
    #####:  892:      if (choice1)		//+2 coins
        -:  893:	{
    #####:  894:	  state->coins = state->coins + 2;
        -:  895:	}
        -:  896:			
    #####:  897:      else if (choice2)		//discard hand, redraw 4, other players with 5+ cards discard hand and draw 4
        -:  898:	{
        -:  899:	  //discard hand
    #####:  900:	  while(numHandCards(state) > 0)
        -:  901:	    {
    #####:  902:	      discardCard(handPos, currentPlayer, state, 0);
        -:  903:	    }
        -:  904:				
        -:  905:	  //draw 4
    #####:  906:	  for (i = 0; i < 4; i++)
        -:  907:	    {
    #####:  908:	      drawCard(currentPlayer, state);
        -:  909:	    }
        -:  910:				
        -:  911:	  //other players discard hand and redraw if hand size > 4
    #####:  912:	  for (i = 0; i < state->numPlayers; i++)
        -:  913:	    {
    #####:  914:	      if (i != currentPlayer)
        -:  915:		{
    #####:  916:		  if ( state->handCount[i] > 4 )
        -:  917:		    {
        -:  918:		      //discard hand
    #####:  919:		      while( state->handCount[i] > 0 )
        -:  920:			{
    #####:  921:			  discardCard(handPos, i, state, 0);
        -:  922:			}
        -:  923:							
        -:  924:		      //draw 4
    #####:  925:		      for (j = 0; j < 4; j++)
        -:  926:			{
    #####:  927:			  drawCard(i, state);
        -:  928:			}
        -:  929:		    }
        -:  930:		}
        -:  931:	    }
        -:  932:				
        -:  933:	}
    #####:  934:      return 0;
        -:  935:		
        -:  936:    case steward:
    #####:  937:      stewardFunct(choice1, currentPlayer, state, choice2, handPos, choice3);
        -:  938:
    #####:  939:      return 0;
        -:  940:		
        -:  941:    case tribute:
    #####:  942:      if ((state->discardCount[nextPlayer] + state->deckCount[nextPlayer]) <= 1){
    #####:  943:	if (state->deckCount[nextPlayer] > 0){
    #####:  944:	  tributeRevealedCards[0] = state->deck[nextPlayer][state->deckCount[nextPlayer]-1];
    #####:  945:	  state->deckCount[nextPlayer]--;
        -:  946:	}
    #####:  947:	else if (state->discardCount[nextPlayer] > 0){
    #####:  948:	  tributeRevealedCards[0] = state->discard[nextPlayer][state->discardCount[nextPlayer]-1];
    #####:  949:	  state->discardCount[nextPlayer]--;
        -:  950:	}
        -:  951:	else{
        -:  952:	  //No Card to Reveal
        -:  953:	  if (DEBUG){
        -:  954:	    printf("No cards to reveal\n");
        -:  955:	  }
        -:  956:	}
        -:  957:      }
        -:  958:	    
        -:  959:      else{
    #####:  960:	if (state->deckCount[nextPlayer] == 0){
    #####:  961:	  for (i = 0; i < state->discardCount[nextPlayer]; i++){
    #####:  962:	    state->deck[nextPlayer][i] = state->discard[nextPlayer][i];//Move to deck
    #####:  963:	    state->deckCount[nextPlayer]++;
    #####:  964:	    state->discard[nextPlayer][i] = -1;
    #####:  965:	    state->discardCount[nextPlayer]--;
        -:  966:	  }
        -:  967:			    
    #####:  968:	  shuffle(nextPlayer,state);//Shuffle the deck
        -:  969:	} 
    #####:  970:	tributeRevealedCards[0] = state->deck[nextPlayer][state->deckCount[nextPlayer]-1];
    #####:  971:	state->deck[nextPlayer][state->deckCount[nextPlayer]--] = -1;
    #####:  972:	state->deckCount[nextPlayer]--;
    #####:  973:	tributeRevealedCards[1] = state->deck[nextPlayer][state->deckCount[nextPlayer]-1];
    #####:  974:	state->deck[nextPlayer][state->deckCount[nextPlayer]--] = -1;
    #####:  975:	state->deckCount[nextPlayer]--;
        -:  976:      }    
        -:  977:		       
    #####:  978:      if (tributeRevealedCards[0] == tributeRevealedCards[1]){//If we have a duplicate card, just drop one 
    #####:  979:	state->playedCards[state->playedCardCount] = tributeRevealedCards[1];
    #####:  980:	state->playedCardCount++;
    #####:  981:	tributeRevealedCards[1] = -1;
        -:  982:      }
        -:  983:
    #####:  984:      for (i = 0; i <= 2; i ++){
    #####:  985:	if (tributeRevealedCards[i] == copper || tributeRevealedCards[i] == silver || tributeRevealedCards[i] == gold){//Treasure cards
    #####:  986:	  state->coins += 2;
        -:  987:	}
        -:  988:		    
    #####:  989:	else if (tributeRevealedCards[i] == estate || tributeRevealedCards[i] == duchy || tributeRevealedCards[i] == province || tributeRevealedCards[i] == gardens || tributeRevealedCards[i] == great_hall){//Victory Card Found
    #####:  990:	  drawCard(currentPlayer, state);
    #####:  991:	  drawCard(currentPlayer, state);
        -:  992:	}
        -:  993:	else{//Action Card
    #####:  994:	  state->numActions = state->numActions + 2;
        -:  995:	}
        -:  996:      }
        -:  997:	    
    #####:  998:      return 0;
        -:  999:		
        -: 1000:    case ambassador:
    #####: 1001:      j = 0;		//used to check if player has enough cards to discard
        -: 1002:
    #####: 1003:      if (choice2 > 2 || choice2 < 0)
        -: 1004:	{
    #####: 1005:	  return -1;				
        -: 1006:	}
        -: 1007:
    #####: 1008:      if (choice1 == handPos)
        -: 1009:	{
    #####: 1010:	  return -1;
        -: 1011:	}
        -: 1012:
    #####: 1013:      for (i = 0; i < state->handCount[currentPlayer]; i++)
        -: 1014:	{
    #####: 1015:	  if (i != handPos && i == state->hand[currentPlayer][choice1] && i != choice1)
        -: 1016:	    {
    #####: 1017:	      j++;
        -: 1018:	    }
        -: 1019:	}
    #####: 1020:      if (j < choice2)
        -: 1021:	{
    #####: 1022:	  return -1;				
        -: 1023:	}
        -: 1024:
        -: 1025:      if (DEBUG) 
        -: 1026:	printf("Player %d reveals card number: %d\n", currentPlayer, state->hand[currentPlayer][choice1]);
        -: 1027:
        -: 1028:      //increase supply count for choosen card by amount being discarded
    #####: 1029:      state->supplyCount[state->hand[currentPlayer][choice1]] += choice2;
        -: 1030:			
        -: 1031:      //each other player gains a copy of revealed card
    #####: 1032:      for (i = 0; i < state->numPlayers; i++)
        -: 1033:	{
    #####: 1034:	  if (i != currentPlayer)
        -: 1035:	    {
    #####: 1036:	      gainCard(state->hand[currentPlayer][choice1], state, 0, i);
        -: 1037:	    }
        -: 1038:	}
        -: 1039:
        -: 1040:      //discard played card from hand
    #####: 1041:      discardCard(handPos, currentPlayer, state, 0);			
        -: 1042:
        -: 1043:      //trash copies of cards returned to supply
    #####: 1044:      for (j = 0; j < choice2; j++)
        -: 1045:	{
    #####: 1046:	  for (i = 0; i < state->handCount[currentPlayer]; i++)
        -: 1047:	    {
    #####: 1048:	      if (state->hand[currentPlayer][i] == state->hand[currentPlayer][choice1])
        -: 1049:		{
    #####: 1050:		  discardCard(i, currentPlayer, state, 1);
    #####: 1051:		  break;
        -: 1052:		}
        -: 1053:	    }
        -: 1054:	}			
        -: 1055:
    #####: 1056:      return 0;
        -: 1057:		
        -: 1058:    case cutpurse:
    #####: 1059:		cutpurseFunct(currentPlayer, state, i, j, k, handPos);
    #####: 1060:      return 0;
        -: 1061:
        -: 1062:		
        -: 1063:    case embargo: 
        -: 1064:      //+2 Coins
    #####: 1065:      state->coins = state->coins + 2;
        -: 1066:			
        -: 1067:      //see if selected pile is in play
    #####: 1068:      if ( state->supplyCount[choice1] == -1 )
        -: 1069:	{
    #####: 1070:	  return -1;
        -: 1071:	}
        -: 1072:			
        -: 1073:      //add embargo token to selected supply pile
    #####: 1074:      state->embargoTokens[choice1]++;
        -: 1075:			
        -: 1076:      //trash card
    #####: 1077:      discardCard(handPos, currentPlayer, state, 1);		
    #####: 1078:      return 0;
        -: 1079:		
        -: 1080:    case outpost:
        -: 1081:      //set outpost flag
    #####: 1082:      state->outpostPlayed++;
        -: 1083:			
        -: 1084:      //discard card
    #####: 1085:      discardCard(handPos, currentPlayer, state, 0);
    #####: 1086:      return 0;
        -: 1087:		
        -: 1088:    case salvager:
        -: 1089:      //+1 buy
    #####: 1090:      state->numBuys++;
        -: 1091:			
    #####: 1092:      if (choice1)
        -: 1093:	{
        -: 1094:	  //gain coins equal to trashed card
    #####: 1095:	  state->coins = state->coins + getCost( handCard(choice1, state) );
        -: 1096:	  //trash card
    #####: 1097:	  discardCard(choice1, currentPlayer, state, 1);	
        -: 1098:	}
        -: 1099:			
        -: 1100:      //discard card
    #####: 1101:      discardCard(handPos, currentPlayer, state, 0);
    #####: 1102:      return 0;
        -: 1103:		
        -: 1104:    case sea_hag:
    #####: 1105:      for (i = 0; i < state->numPlayers; i++){
    #####: 1106:	if (i != currentPlayer){
    #####: 1107:	  state->discard[i][state->discardCount[i]] = state->deck[i][state->deckCount[i]--];			    state->deckCount[i]--;
    #####: 1108:	  state->discardCount[i]++;
    #####: 1109:	  state->deck[i][state->deckCount[i]--] = curse;//Top card now a curse
        -: 1110:	}
        -: 1111:      }
    #####: 1112:      return 0;
        -: 1113:		
        -: 1114:    case treasure_map:
        -: 1115:      //search hand for another treasure_map
    #####: 1116:      index = -1;
    #####: 1117:      for (i = 0; i < state->handCount[currentPlayer]; i++)
        -: 1118:	{
    #####: 1119:	  if (state->hand[currentPlayer][i] == treasure_map && i != handPos)
        -: 1120:	    {
    #####: 1121:	      index = i;
    #####: 1122:	      break;
        -: 1123:	    }
        -: 1124:	}
    #####: 1125:      if (index > -1)
        -: 1126:	{
        -: 1127:	  //trash both treasure cards
    #####: 1128:	  discardCard(handPos, currentPlayer, state, 1);
    #####: 1129:	  discardCard(index, currentPlayer, state, 1);
        -: 1130:
        -: 1131:	  //gain 4 Gold cards
    #####: 1132:	  for (i = 0; i < 4; i++)
        -: 1133:	    {
    #####: 1134:	      gainCard(gold, state, 1, currentPlayer);
        -: 1135:	    }
        -: 1136:				
        -: 1137:	  //return success
    #####: 1138:	  return 1;
        -: 1139:	}
        -: 1140:			
        -: 1141:      //no second treasure_map found in hand
    #####: 1142:      return -1;
        -: 1143:    }
        -: 1144:	
    #####: 1145:  return -1;
        -: 1146:}
        -: 1147:
        2: 1148:int discardCard(int handPos, int currentPlayer, struct gameState *state, int trashFlag)
        -: 1149:{
        -: 1150:	
        -: 1151:  //if card is not trashed, added to Played pile 
        2: 1152:  if (trashFlag < 1)
        -: 1153:    {
        -: 1154:      //add card to played pile
        2: 1155:      state->playedCards[state->playedCardCount] = state->hand[currentPlayer][handPos]; 
        2: 1156:      state->playedCardCount++;
        -: 1157:    }
        -: 1158:	
        -: 1159:  //set played card to -1
        2: 1160:  state->hand[currentPlayer][handPos] = -1;
        -: 1161:	
        -: 1162:  //remove card from player's hand
        2: 1163:  if ( handPos == (state->handCount[currentPlayer] - 1) ) 	//last card in hand array is played
        -: 1164:    {
        -: 1165:      //reduce number of cards in hand
    #####: 1166:      state->handCount[currentPlayer]--;
        -: 1167:    }
        2: 1168:  else if ( state->handCount[currentPlayer] == 1 ) //only one card in hand
        -: 1169:    {
        -: 1170:      //reduce number of cards in hand
        1: 1171:      state->handCount[currentPlayer]--;
        -: 1172:    }
        -: 1173:  else 	
        -: 1174:    {
        -: 1175:      //replace discarded card with last card in hand
        1: 1176:      state->hand[currentPlayer][handPos] = state->hand[currentPlayer][ (state->handCount[currentPlayer] - 1)];
        -: 1177:      //set last card to -1
        1: 1178:      state->hand[currentPlayer][state->handCount[currentPlayer] - 1] = -1;
        -: 1179:      //reduce number of cards in hand
        1: 1180:      state->handCount[currentPlayer]--;
        -: 1181:    }
        -: 1182:	
        2: 1183:  return 0;
        -: 1184:}
        -: 1185:
    #####: 1186:int gainCard(int supplyPos, struct gameState *state, int toFlag, int player)
        -: 1187:{
        -: 1188:  //Note: supplyPos is enum of choosen card
        -: 1189:	
        -: 1190:  //check if supply pile is empty (0) or card is not used in game (-1)
    #####: 1191:  if ( supplyCount(supplyPos, state) < 1 )
        -: 1192:    {
    #####: 1193:      return -1;
        -: 1194:    }
        -: 1195:	
        -: 1196:  //added card for [whoseTurn] current player:
        -: 1197:  // toFlag = 0 : add to discard
        -: 1198:  // toFlag = 1 : add to deck
        -: 1199:  // toFlag = 2 : add to hand
        -: 1200:
    #####: 1201:  if (toFlag == 1)
        -: 1202:    {
    #####: 1203:      state->deck[ player ][ state->deckCount[player] ] = supplyPos;
    #####: 1204:      state->deckCount[player]++;
        -: 1205:    }
    #####: 1206:  else if (toFlag == 2)
        -: 1207:    {
    #####: 1208:      state->hand[ player ][ state->handCount[player] ] = supplyPos;
    #####: 1209:      state->handCount[player]++;
        -: 1210:    }
        -: 1211:  else
        -: 1212:    {
    #####: 1213:      state->discard[player][ state->discardCount[player] ] = supplyPos;
    #####: 1214:      state->discardCount[player]++;
        -: 1215:    }
        -: 1216:	
        -: 1217:  //decrease number in supply pile
    #####: 1218:  state->supplyCount[supplyPos]--;
        -: 1219:	 
    #####: 1220:  return 0;
        -: 1221:}
        -: 1222:
        1: 1223:int updateCoins(int player, struct gameState *state, int bonus)
        -: 1224:{
        -: 1225:  int i;
        -: 1226:	
        -: 1227:  //reset coin count
        1: 1228:  state->coins = 0;
        -: 1229:
        -: 1230:  //add coins for each Treasure card in player's hand
        4: 1231:  for (i = 0; i < state->handCount[player]; i++)
        -: 1232:    {
        3: 1233:      if (state->hand[player][i] == copper)
        -: 1234:	{
        1: 1235:	  state->coins += 1;
        -: 1236:	}
        2: 1237:      else if (state->hand[player][i] == silver)
        -: 1238:	{
    #####: 1239:	  state->coins += 2;
        -: 1240:	}
        2: 1241:      else if (state->hand[player][i] == gold)
        -: 1242:	{
        1: 1243:	  state->coins += 3;
        -: 1244:	}	
        -: 1245:    }	
        -: 1246:
        -: 1247:  //add bonus
        1: 1248:  state->coins += bonus;
        -: 1249:
        1: 1250:  return 0;
        -: 1251:}
        -: 1252:
        -: 1253://Refactored Card Functions
        2: 1254:void smithyFunct(int handPos, int currentPlayer, struct gameState *state) {
        -: 1255:	int i;
        -: 1256:	
        -: 1257:	//+3 Cards
       10: 1258:	for (i = 0; i < 4; i++){
        8: 1259:		drawCard(currentPlayer, state);
        -: 1260:	}			
        -: 1261:	
        -: 1262:	//discard card from hand
        2: 1263:	discardCard(handPos, currentPlayer, state, 0);
        2: 1264:}
        -: 1265:
        4: 1266:void adventurerFunct(int drawntreasure, struct gameState *state, int currentPlayer, int cardDrawn, int temphand[], int z) {
       38: 1267:	while(drawntreasure<3){
       30: 1268:		if (state->deckCount[currentPlayer] <1){//if the deck is empty we need to shuffle discard and add to deck
        9: 1269:		  shuffle(currentPlayer, state);
        -: 1270:		}
       30: 1271:		drawCard(currentPlayer, state);
       30: 1272:		cardDrawn = state->hand[currentPlayer][state->handCount[currentPlayer]-1];//top card of hand is most recently drawn card.
       30: 1273:		if (cardDrawn == copper || cardDrawn == silver)
       12: 1274:		  drawntreasure++;
        -: 1275:		else{
       18: 1276:		  temphand[z]=cardDrawn;
       18: 1277:		  state->handCount[currentPlayer]--; //this should just remove the top card (the most recently drawn one).
       18: 1278:		  z++;
        -: 1279:		}
        -: 1280:      }
       26: 1281:      while(z-1>=0){
       18: 1282:		state->discard[currentPlayer][state->discardCount[currentPlayer]++]=temphand[z-1]; // discard all cards in play that have been drawn
       18: 1283:		z=z-1;
        -: 1284:      }
        4: 1285:}
        -: 1286:
    #####: 1287:void greathallFunct(int currentPlayer, struct gameState *state, int handPos) {
        -: 1288:	//+1 Card
    #####: 1289:	drawCard(currentPlayer, state);
        -: 1290:			
        -: 1291:	//+1 Actions
    #####: 1292:	state->numActions++;
    #####: 1293:	state->numActions++;
        -: 1294:			
        -: 1295:	//discard card from hand
    #####: 1296:	discardCard(handPos, currentPlayer, state, 0);
    #####: 1297:}
        -: 1298:
    #####: 1299:void stewardFunct(int choice1, int currentPlayer, struct gameState *state, int choice2, int handPos, int choice3) {
    #####: 1300:	  if (choice1 == 1)
        -: 1301:	{
        -: 1302:	  //+2 cards
    #####: 1303:	  drawCard(currentPlayer, state);
    #####: 1304:	  drawCard(currentPlayer, state);
        -: 1305:	}
    #####: 1306:      else if (choice1 == 2)
        -: 1307:	{
        -: 1308:	  //+2 coins
    #####: 1309:	  state->coins = state->coins + 2;
        -: 1310:	}
        -: 1311:      else
        -: 1312:	{
        -: 1313:	  //trash 2 cards in hand
    #####: 1314:	  discardCard(choice2, currentPlayer, state, 1);
    #####: 1315:	  discardCard(choice3, currentPlayer, state, 1);
        -: 1316:	}
        -: 1317:			
        -: 1318:      //discard card from hand
    #####: 1319:      discardCard(handPos, currentPlayer, state, 0);
    #####: 1320:}
        -: 1321:
    #####: 1322:void cutpurseFunct(int currentPlayer, struct gameState *state, int i, int j, int k, int handPos) {
    #####: 1323:      updateCoins(currentPlayer, state, 2);
    #####: 1324:      for (i = 0; i < state->numPlayers; i++)
        -: 1325:	{
    #####: 1326:	  if (i != currentPlayer)
        -: 1327:	    {
    #####: 1328:	      for (j = 0; j < state->handCount[i]; j++)
        -: 1329:		{
    #####: 1330:		  if (state->hand[i][j] == silver)
        -: 1331:		    {
    #####: 1332:		      discardCard(j, i, state, 0);
    #####: 1333:		      break;
        -: 1334:		    }
    #####: 1335:		  if (j == state->handCount[i])
        -: 1336:		    {
    #####: 1337:		      for (k = 0; k < state->handCount[i]; k++)
        -: 1338:			{
        -: 1339:			  if (DEBUG)
        -: 1340:			    printf("Player %d reveals card number %d\n", i, state->hand[i][k]);
        -: 1341:			}	
    #####: 1342:		      break;
        -: 1343:		    }		
        -: 1344:		}
        -: 1345:					
        -: 1346:	    }
        -: 1347:				
        -: 1348:	}				
        -: 1349:
        -: 1350:      //discard played card from hand
    #####: 1351:      discardCard(handPos, currentPlayer, state, 0);			
    #####: 1352:}
        -: 1353:
        -: 1354://end of dominion.c
        -: 1355:
