        -:    0:Source:cardtest1.c
        -:    0:Graph:cardtest1.gcno
        -:    0:Data:cardtest1.gcda
        -:    0:Runs:1
        -:    0:Programs:1
        -:    1:/*
        -:    2: * Jason Gourley
        -:    3: * gourleja@oregonstate.edu
        -:    4: * CS362-400
        -:    5: * Assignment 3 - cardtest1.c
        -:    6: * Description : Unit tests for smithy card
        -:    7: */
        -:    8:
        -:    9:#include <stdio.h>
        -:   10:#include <stdlib.h>
        -:   11:#include "dominion.h"
        -:   12:#include "rngs.h"
        -:   13:
        -:   14:#define CARDNAME  "smithy"
        -:   15:#define BASESEED    10
        -:   16:
        -:   17:/*
        -:   18: * Description:     Test the return values of the smithy card
        -:   19: * Preconditions:   The games state has been initialized, the seed and method name to test are passed
        -:   20: * Postconditions:  The general messages and any failed test messages are displayed
        -:   21: */
        1:   22:int testCard(char* currentTest, int seed, struct gameState *state)
        -:   23:{
        -:   24:    int i;
        1:   25:    int testsPassed = 0;
        1:   26:    int testsFailed = 0;
        1:   27:    int expectedValue = 0;
        -:   28:
        1:   29:    printf ("\n\n-------------------------------------------------------------------------------\n");
        1:   30:    printf ("-------------------------------------------------------------------------------\n");
        1:   31:    printf ("Testing Method  : %s()\n", currentTest);
        1:   32:    printf ("Seed            : %i\n", seed);
        -:   33:
        -:   34:    //Check increase of cards in hand
        1:   35:    expectedValue = state->handCount[state->whoseTurn] + 2;
        1:   36:    cardEffect_Smithy(smithy, 0, 0, 0, state, 1, 0, 0, 0);
        -:   37:
        1:   38:    if(state->handCount[state->whoseTurn] != expectedValue) {
        1:   39:        printf("  TEST FAIL    : Smithy card added correct number of cards failed\n");
        1:   40:        testsFailed++;
    #####:   41:    } else {testsPassed++;}
        -:   42:
        1:   43:    printf ("    Tests Passed    : %i\n", testsPassed);
        1:   44:    printf ("    Tests Failed    : %i\n", testsFailed);
        1:   45:    printf ("-------------------------------------------------------------------------------\n\n");
        -:   46:
        1:   47:    return 0;
        -:   48:}
        -:   49:
        -:   50:
        -:   51:/*
        -:   52: * Preconditions:   The user can pass a seed value for testing or it defaults to a set value
        -:   53: * Postconditions:  Exit the test program normally
        -:   54: */
        1:   55:int main (int argc, char** argv)
        -:   56:{
        -:   57:
        -:   58:    // Setup Game Seed
        -:   59:    int seed;
        1:   60:    char* currentTest = CARDNAME;
        1:   61:    if(argv[1]) {
    #####:   62:        seed = atoi(argv[1]);
        -:   63:    } else {
        1:   64:        seed = BASESEED;
        -:   65:    }
        -:   66:
        -:   67:    // Initialize Game State
        -:   68:    struct gameState G;
        1:   69:    int k[10] = {adventurer, gardens, embargo, village, minion, mine, cutpurse, sea_hag, tribute, smithy};
        1:   70:    initializeGame(2, k, seed, &G);
        -:   71:
        1:   72:    testCard(currentTest,seed, &G);
        -:   73:
        1:   74:    return 0;
        -:   75:}
