        -:    0:Source:unittest1.c
        -:    0:Graph:unittest1.gcno
        -:    0:Data:unittest1.gcda
        -:    0:Runs:1
        -:    0:Programs:1
        -:    1:/*
        -:    2: * Jason Gourley
        -:    3: * gourleja@oregonstate.edu
        -:    4: * CS362-400
        -:    5: * Assignment 3 - unittest1.c
        -:    6: * Description : Unit tests for isGameOver method
        -:    7: */
        -:    8:
        -:    9:#include <stdio.h>
        -:   10:#include <stdlib.h>
        -:   11:#include "dominion.h"
        -:   12:#include "rngs.h"
        -:   13:
        -:   14:#define METHODNAME  "isGameOver"
        -:   15:#define BASESEED    10
        -:   16:
        -:   17:/*
        -:   18: * Description:     Test the return values of the isGameOver method
        -:   19: * Preconditions:   The games state has been initialized, the seed and method name to test are passed
        -:   20: * Postconditions:  The general messages and any failed test messages are displayed
        -:   21: */
        1:   22:int testMethod(char* currentTest, int seed, struct gameState *state)
        -:   23:{
        -:   24:    int i;
        1:   25:    int testsPassed = 0;
        1:   26:    int testsFailed = 0;
        1:   27:    int expectedValue = 0;
        -:   28:
        1:   29:    printf ("\n\n-------------------------------------------------------------------------------\n");
        1:   30:    printf ("-------------------------------------------------------------------------------\n");
        1:   31:    printf ("Testing Method  : %s()\n", currentTest);
        1:   32:    printf ("Seed            : %i\n", seed);
        -:   33:
        -:   34:    //check new game produces the correct value
        1:   35:    expectedValue = 1;
        1:   36:    if(isGameOver(state) == expectedValue) {
    #####:   37:        printf("  TEST FAIL    : Newly initialized game failed\n");
    #####:   38:        testsFailed++;
        1:   39:    } else {testsPassed++;}
        -:   40:
        -:   41:    //check a lack of province cards produces the correct value
        1:   42:    expectedValue = 0;
        1:   43:    state->supplyCount[province] = 0;
        1:   44:    if(isGameOver(state) == expectedValue) {
    #####:   45:        printf("  TEST FAIL    : Province supply out check failed\n");
    #####:   46:        testsFailed++;
        1:   47:    } else {testsPassed++;}
        -:   48:
        -:   49:    //check that when 3 supply piles are empty produces the correct value
        1:   50:    expectedValue = 0;
        1:   51:    state->supplyCount[province] = 1;
        4:   52:    for(i=0; i<3; i++){
        3:   53:        state->supplyCount[i] = 0;
        -:   54:    }
        1:   55:    if(isGameOver(state) == expectedValue) {
    #####:   56:        printf("  TEST FAIL    : 3 card supply out check failed\n");
    #####:   57:        testsFailed++;
        1:   58:    } else {testsPassed++;}
        -:   59:
        1:   60:    printf ("    Tests Passed    : %i\n", testsPassed);
        1:   61:    printf ("    Tests Failed    : %i\n", testsFailed);
        1:   62:    printf ("-------------------------------------------------------------------------------\n\n");
        -:   63:
        1:   64:    return 0;
        -:   65:}
        -:   66:
        -:   67:
        -:   68:/*
        -:   69: * Preconditions:   The user can pass a seed value for testing or it defaults to a set value
        -:   70: * Postconditions:  Exit the test program normally
        -:   71: */
        1:   72:int main (int argc, char** argv)
        -:   73:{
        -:   74:
        -:   75:    // Setup Game Seed
        -:   76:    int seed;
        1:   77:    char* currentTest = METHODNAME;
        1:   78:    if(argv[1]) {
    #####:   79:        seed = atoi(argv[1]);
        -:   80:    } else {
        1:   81:        seed = BASESEED;
        -:   82:    }
        -:   83:
        -:   84:    // Initialize Game State
        -:   85:    struct gameState G;
        1:   86:    int k[10] = {adventurer, gardens, embargo, village, minion, mine, cutpurse, sea_hag, tribute, smithy};
        1:   87:    initializeGame(2, k, seed, &G);
        -:   88:
        1:   89:    testMethod(currentTest,seed, &G);
        1:   90:    return 0;
        -:   91:}
        -:   92:
